Start testing: Apr 24 14:28 MSK
----------------------------------------------------------
1/1 Testing: OrderBookTest.InitializesSuccessfully
1/1 Test: OrderBookTest.InitializesSuccessfully
Command: "/Users/danilamalafeev/Documents/New project/build/lob_tests" "--gtest_filter=OrderBookTest.InitializesSuccessfully" "--gtest_also_run_disabled_tests"
Directory: /Users/danilamalafeev/Documents/New project/build
"OrderBookTest.InitializesSuccessfully" start time: Apr 24 14:28 MSK
Output:
----------------------------------------------------------
Running main() from /Users/danilamalafeev/Documents/New project/build/_deps/googletest-src/googletest/src/gtest_main.cc
Note: Google Test filter = OrderBookTest.InitializesSuccessfully
[==========] Running 1 test from 1 test suite.
[----------] Global test environment set-up.
[----------] 1 test from OrderBookTest
[ RUN      ] OrderBookTest.InitializesSuccessfully
[       OK ] OrderBookTest.InitializesSuccessfully (0 ms)
[----------] 1 test from OrderBookTest (0 ms total)

[----------] Global test environment tear-down
[==========] 1 test from 1 test suite ran. (0 ms total)
[  PASSED  ] 1 test.
<end of output>
Test time =   0.00 sec
----------------------------------------------------------
Test Passed.
"OrderBookTest.InitializesSuccessfully" end time: Apr 24 14:28 MSK
"OrderBookTest.InitializesSuccessfully" time elapsed: 00:00:00
----------------------------------------------------------

End testing: Apr 24 14:28 MSK
