Start testing: Apr 28 21:30 MSK
----------------------------------------------------------
1/42 Testing: OrderBookTest.InitializesSuccessfully
1/42 Test: OrderBookTest.InitializesSuccessfully
Command: "/Users/danilamalafeev/Documents/New project/build-release/lob_tests" "--gtest_filter=OrderBookTest.InitializesSuccessfully" "--gtest_also_run_disabled_tests"
Directory: /Users/danilamalafeev/Documents/New project/build-release
"OrderBookTest.InitializesSuccessfully" start time: Apr 28 21:30 MSK
Output:
----------------------------------------------------------
Running main() from /Users/danilamalafeev/Documents/New project/build-release/_deps/googletest-src/googletest/src/gtest_main.cc
Note: Google Test filter = OrderBookTest.InitializesSuccessfully
[==========] Running 1 test from 1 test suite.
[----------] Global test environment set-up.
[----------] 1 test from OrderBookTest
[ RUN      ] OrderBookTest.InitializesSuccessfully
[       OK ] OrderBookTest.InitializesSuccessfully (0 ms)
[----------] 1 test from OrderBookTest (0 ms total)

[----------] Global test environment tear-down
[==========] 1 test from 1 test suite ran. (0 ms total)
[  PASSED  ] 1 test.
<end of output>
Test time =   0.01 sec
----------------------------------------------------------
Test Passed.
"OrderBookTest.InitializesSuccessfully" end time: Apr 28 21:30 MSK
"OrderBookTest.InitializesSuccessfully" time elapsed: 00:00:00
----------------------------------------------------------

2/42 Testing: OrderBookTest.ProcessOrderRestsBuyOrderWhenBookDoesNotCross
2/42 Test: OrderBookTest.ProcessOrderRestsBuyOrderWhenBookDoesNotCross
Command: "/Users/danilamalafeev/Documents/New project/build-release/lob_tests" "--gtest_filter=OrderBookTest.ProcessOrderRestsBuyOrderWhenBookDoesNotCross" "--gtest_also_run_disabled_tests"
Directory: /Users/danilamalafeev/Documents/New project/build-release
"OrderBookTest.ProcessOrderRestsBuyOrderWhenBookDoesNotCross" start time: Apr 28 21:30 MSK
Output:
----------------------------------------------------------
Running main() from /Users/danilamalafeev/Documents/New project/build-release/_deps/googletest-src/googletest/src/gtest_main.cc
Note: Google Test filter = OrderBookTest.ProcessOrderRestsBuyOrderWhenBookDoesNotCross
[==========] Running 1 test from 1 test suite.
[----------] Global test environment set-up.
[----------] 1 test from OrderBookTest
[ RUN      ] OrderBookTest.ProcessOrderRestsBuyOrderWhenBookDoesNotCross
[       OK ] OrderBookTest.ProcessOrderRestsBuyOrderWhenBookDoesNotCross (0 ms)
[----------] 1 test from OrderBookTest (0 ms total)

[----------] Global test environment tear-down
[==========] 1 test from 1 test suite ran. (0 ms total)
[  PASSED  ] 1 test.
<end of output>
Test time =   0.01 sec
----------------------------------------------------------
Test Passed.
"OrderBookTest.ProcessOrderRestsBuyOrderWhenBookDoesNotCross" end time: Apr 28 21:30 MSK
"OrderBookTest.ProcessOrderRestsBuyOrderWhenBookDoesNotCross" time elapsed: 00:00:00
----------------------------------------------------------

3/42 Testing: OrderBookTest.ProcessOrderRestsSellOrderWhenBookDoesNotCross
3/42 Test: OrderBookTest.ProcessOrderRestsSellOrderWhenBookDoesNotCross
Command: "/Users/danilamalafeev/Documents/New project/build-release/lob_tests" "--gtest_filter=OrderBookTest.ProcessOrderRestsSellOrderWhenBookDoesNotCross" "--gtest_also_run_disabled_tests"
Directory: /Users/danilamalafeev/Documents/New project/build-release
"OrderBookTest.ProcessOrderRestsSellOrderWhenBookDoesNotCross" start time: Apr 28 21:30 MSK
Output:
----------------------------------------------------------
Running main() from /Users/danilamalafeev/Documents/New project/build-release/_deps/googletest-src/googletest/src/gtest_main.cc
Note: Google Test filter = OrderBookTest.ProcessOrderRestsSellOrderWhenBookDoesNotCross
[==========] Running 1 test from 1 test suite.
[----------] Global test environment set-up.
[----------] 1 test from OrderBookTest
[ RUN      ] OrderBookTest.ProcessOrderRestsSellOrderWhenBookDoesNotCross
[       OK ] OrderBookTest.ProcessOrderRestsSellOrderWhenBookDoesNotCross (0 ms)
[----------] 1 test from OrderBookTest (0 ms total)

[----------] Global test environment tear-down
[==========] 1 test from 1 test suite ran. (0 ms total)
[  PASSED  ] 1 test.
<end of output>
Test time =   0.01 sec
----------------------------------------------------------
Test Passed.
"OrderBookTest.ProcessOrderRestsSellOrderWhenBookDoesNotCross" end time: Apr 28 21:30 MSK
"OrderBookTest.ProcessOrderRestsSellOrderWhenBookDoesNotCross" time elapsed: 00:00:00
----------------------------------------------------------

4/42 Testing: OrderBookTest.ProcessOrderMatchesCrossSpreadUsingPriceTimePriority
4/42 Test: OrderBookTest.ProcessOrderMatchesCrossSpreadUsingPriceTimePriority
Command: "/Users/danilamalafeev/Documents/New project/build-release/lob_tests" "--gtest_filter=OrderBookTest.ProcessOrderMatchesCrossSpreadUsingPriceTimePriority" "--gtest_also_run_disabled_tests"
Directory: /Users/danilamalafeev/Documents/New project/build-release
"OrderBookTest.ProcessOrderMatchesCrossSpreadUsingPriceTimePriority" start time: Apr 28 21:30 MSK
Output:
----------------------------------------------------------
Running main() from /Users/danilamalafeev/Documents/New project/build-release/_deps/googletest-src/googletest/src/gtest_main.cc
Note: Google Test filter = OrderBookTest.ProcessOrderMatchesCrossSpreadUsingPriceTimePriority
[==========] Running 1 test from 1 test suite.
[----------] Global test environment set-up.
[----------] 1 test from OrderBookTest
[ RUN      ] OrderBookTest.ProcessOrderMatchesCrossSpreadUsingPriceTimePriority
[       OK ] OrderBookTest.ProcessOrderMatchesCrossSpreadUsingPriceTimePriority (0 ms)
[----------] 1 test from OrderBookTest (0 ms total)

[----------] Global test environment tear-down
[==========] 1 test from 1 test suite ran. (0 ms total)
[  PASSED  ] 1 test.
<end of output>
Test time =   0.01 sec
----------------------------------------------------------
Test Passed.
"OrderBookTest.ProcessOrderMatchesCrossSpreadUsingPriceTimePriority" end time: Apr 28 21:30 MSK
"OrderBookTest.ProcessOrderMatchesCrossSpreadUsingPriceTimePriority" time elapsed: 00:00:00
----------------------------------------------------------

5/42 Testing: OrderBookTest.ProcessOrderRestsResidualQuantityAfterPartialIncomingFill
5/42 Test: OrderBookTest.ProcessOrderRestsResidualQuantityAfterPartialIncomingFill
Command: "/Users/danilamalafeev/Documents/New project/build-release/lob_tests" "--gtest_filter=OrderBookTest.ProcessOrderRestsResidualQuantityAfterPartialIncomingFill" "--gtest_also_run_disabled_tests"
Directory: /Users/danilamalafeev/Documents/New project/build-release
"OrderBookTest.ProcessOrderRestsResidualQuantityAfterPartialIncomingFill" start time: Apr 28 21:30 MSK
Output:
----------------------------------------------------------
Running main() from /Users/danilamalafeev/Documents/New project/build-release/_deps/googletest-src/googletest/src/gtest_main.cc
Note: Google Test filter = OrderBookTest.ProcessOrderRestsResidualQuantityAfterPartialIncomingFill
[==========] Running 1 test from 1 test suite.
[----------] Global test environment set-up.
[----------] 1 test from OrderBookTest
[ RUN      ] OrderBookTest.ProcessOrderRestsResidualQuantityAfterPartialIncomingFill
[       OK ] OrderBookTest.ProcessOrderRestsResidualQuantityAfterPartialIncomingFill (0 ms)
[----------] 1 test from OrderBookTest (0 ms total)

[----------] Global test environment tear-down
[==========] 1 test from 1 test suite ran. (0 ms total)
[  PASSED  ] 1 test.
<end of output>
Test time =   0.01 sec
----------------------------------------------------------
Test Passed.
"OrderBookTest.ProcessOrderRestsResidualQuantityAfterPartialIncomingFill" end time: Apr 28 21:30 MSK
"OrderBookTest.ProcessOrderRestsResidualQuantityAfterPartialIncomingFill" time elapsed: 00:00:00
----------------------------------------------------------

6/42 Testing: OrderBookTest.CancelOrderRemovesEmptyBidPriceLevelAndIndexEntry
6/42 Test: OrderBookTest.CancelOrderRemovesEmptyBidPriceLevelAndIndexEntry
Command: "/Users/danilamalafeev/Documents/New project/build-release/lob_tests" "--gtest_filter=OrderBookTest.CancelOrderRemovesEmptyBidPriceLevelAndIndexEntry" "--gtest_also_run_disabled_tests"
Directory: /Users/danilamalafeev/Documents/New project/build-release
"OrderBookTest.CancelOrderRemovesEmptyBidPriceLevelAndIndexEntry" start time: Apr 28 21:30 MSK
Output:
----------------------------------------------------------
Running main() from /Users/danilamalafeev/Documents/New project/build-release/_deps/googletest-src/googletest/src/gtest_main.cc
Note: Google Test filter = OrderBookTest.CancelOrderRemovesEmptyBidPriceLevelAndIndexEntry
[==========] Running 1 test from 1 test suite.
[----------] Global test environment set-up.
[----------] 1 test from OrderBookTest
[ RUN      ] OrderBookTest.CancelOrderRemovesEmptyBidPriceLevelAndIndexEntry
[       OK ] OrderBookTest.CancelOrderRemovesEmptyBidPriceLevelAndIndexEntry (0 ms)
[----------] 1 test from OrderBookTest (0 ms total)

[----------] Global test environment tear-down
[==========] 1 test from 1 test suite ran. (0 ms total)
[  PASSED  ] 1 test.
<end of output>
Test time =   0.01 sec
----------------------------------------------------------
Test Passed.
"OrderBookTest.CancelOrderRemovesEmptyBidPriceLevelAndIndexEntry" end time: Apr 28 21:30 MSK
"OrderBookTest.CancelOrderRemovesEmptyBidPriceLevelAndIndexEntry" time elapsed: 00:00:00
----------------------------------------------------------

7/42 Testing: OrderBookTest.CancelOrderReturnsFalseForUnknownId
7/42 Test: OrderBookTest.CancelOrderReturnsFalseForUnknownId
Command: "/Users/danilamalafeev/Documents/New project/build-release/lob_tests" "--gtest_filter=OrderBookTest.CancelOrderReturnsFalseForUnknownId" "--gtest_also_run_disabled_tests"
Directory: /Users/danilamalafeev/Documents/New project/build-release
"OrderBookTest.CancelOrderReturnsFalseForUnknownId" start time: Apr 28 21:30 MSK
Output:
----------------------------------------------------------
Running main() from /Users/danilamalafeev/Documents/New project/build-release/_deps/googletest-src/googletest/src/gtest_main.cc
Note: Google Test filter = OrderBookTest.CancelOrderReturnsFalseForUnknownId
[==========] Running 1 test from 1 test suite.
[----------] Global test environment set-up.
[----------] 1 test from OrderBookTest
[ RUN      ] OrderBookTest.CancelOrderReturnsFalseForUnknownId
[       OK ] OrderBookTest.CancelOrderReturnsFalseForUnknownId (0 ms)
[----------] 1 test from OrderBookTest (0 ms total)

[----------] Global test environment tear-down
[==========] 1 test from 1 test suite ran. (0 ms total)
[  PASSED  ] 1 test.
<end of output>
Test time =   0.01 sec
----------------------------------------------------------
Test Passed.
"OrderBookTest.CancelOrderReturnsFalseForUnknownId" end time: Apr 28 21:30 MSK
"OrderBookTest.CancelOrderReturnsFalseForUnknownId" time elapsed: 00:00:00
----------------------------------------------------------

8/42 Testing: OrderBookTest.ExposesBestPricesAndL2Snapshot
8/42 Test: OrderBookTest.ExposesBestPricesAndL2Snapshot
Command: "/Users/danilamalafeev/Documents/New project/build-release/lob_tests" "--gtest_filter=OrderBookTest.ExposesBestPricesAndL2Snapshot" "--gtest_also_run_disabled_tests"
Directory: /Users/danilamalafeev/Documents/New project/build-release
"OrderBookTest.ExposesBestPricesAndL2Snapshot" start time: Apr 28 21:30 MSK
Output:
----------------------------------------------------------
Running main() from /Users/danilamalafeev/Documents/New project/build-release/_deps/googletest-src/googletest/src/gtest_main.cc
Note: Google Test filter = OrderBookTest.ExposesBestPricesAndL2Snapshot
[==========] Running 1 test from 1 test suite.
[----------] Global test environment set-up.
[----------] 1 test from OrderBookTest
[ RUN      ] OrderBookTest.ExposesBestPricesAndL2Snapshot
[       OK ] OrderBookTest.ExposesBestPricesAndL2Snapshot (0 ms)
[----------] 1 test from OrderBookTest (0 ms total)

[----------] Global test environment tear-down
[==========] 1 test from 1 test suite ran. (0 ms total)
[  PASSED  ] 1 test.
<end of output>
Test time =   0.01 sec
----------------------------------------------------------
Test Passed.
"OrderBookTest.ExposesBestPricesAndL2Snapshot" end time: Apr 28 21:30 MSK
"OrderBookTest.ExposesBestPricesAndL2Snapshot" time elapsed: 00:00:00
----------------------------------------------------------

9/42 Testing: L2OrderBookTest.MaintainsBidAndAskSortOrder
9/42 Test: L2OrderBookTest.MaintainsBidAndAskSortOrder
Command: "/Users/danilamalafeev/Documents/New project/build-release/lob_tests" "--gtest_filter=L2OrderBookTest.MaintainsBidAndAskSortOrder" "--gtest_also_run_disabled_tests"
Directory: /Users/danilamalafeev/Documents/New project/build-release
"L2OrderBookTest.MaintainsBidAndAskSortOrder" start time: Apr 28 21:30 MSK
Output:
----------------------------------------------------------
Running main() from /Users/danilamalafeev/Documents/New project/build-release/_deps/googletest-src/googletest/src/gtest_main.cc
Note: Google Test filter = L2OrderBookTest.MaintainsBidAndAskSortOrder
[==========] Running 1 test from 1 test suite.
[----------] Global test environment set-up.
[----------] 1 test from L2OrderBookTest
[ RUN      ] L2OrderBookTest.MaintainsBidAndAskSortOrder
[       OK ] L2OrderBookTest.MaintainsBidAndAskSortOrder (0 ms)
[----------] 1 test from L2OrderBookTest (0 ms total)

[----------] Global test environment tear-down
[==========] 1 test from 1 test suite ran. (0 ms total)
[  PASSED  ] 1 test.
<end of output>
Test time =   0.01 sec
----------------------------------------------------------
Test Passed.
"L2OrderBookTest.MaintainsBidAndAskSortOrder" end time: Apr 28 21:30 MSK
"L2OrderBookTest.MaintainsBidAndAskSortOrder" time elapsed: 00:00:00
----------------------------------------------------------

10/42 Testing: L2OrderBookTest.UpdatesAndRemovesLevels
10/42 Test: L2OrderBookTest.UpdatesAndRemovesLevels
Command: "/Users/danilamalafeev/Documents/New project/build-release/lob_tests" "--gtest_filter=L2OrderBookTest.UpdatesAndRemovesLevels" "--gtest_also_run_disabled_tests"
Directory: /Users/danilamalafeev/Documents/New project/build-release
"L2OrderBookTest.UpdatesAndRemovesLevels" start time: Apr 28 21:30 MSK
Output:
----------------------------------------------------------
Running main() from /Users/danilamalafeev/Documents/New project/build-release/_deps/googletest-src/googletest/src/gtest_main.cc
Note: Google Test filter = L2OrderBookTest.UpdatesAndRemovesLevels
[==========] Running 1 test from 1 test suite.
[----------] Global test environment set-up.
[----------] 1 test from L2OrderBookTest
[ RUN      ] L2OrderBookTest.UpdatesAndRemovesLevels
[       OK ] L2OrderBookTest.UpdatesAndRemovesLevels (0 ms)
[----------] 1 test from L2OrderBookTest (0 ms total)

[----------] Global test environment tear-down
[==========] 1 test from 1 test suite ran. (0 ms total)
[  PASSED  ] 1 test.
<end of output>
Test time =   0.01 sec
----------------------------------------------------------
Test Passed.
"L2OrderBookTest.UpdatesAndRemovesLevels" end time: Apr 28 21:30 MSK
"L2OrderBookTest.UpdatesAndRemovesLevels" time elapsed: 00:00:00
----------------------------------------------------------

11/42 Testing: L2OrderBookTest.AllowsSimulatedDepletionBeyondVisibleQuantityUntilFeedRefresh
11/42 Test: L2OrderBookTest.AllowsSimulatedDepletionBeyondVisibleQuantityUntilFeedRefresh
Command: "/Users/danilamalafeev/Documents/New project/build-release/lob_tests" "--gtest_filter=L2OrderBookTest.AllowsSimulatedDepletionBeyondVisibleQuantityUntilFeedRefresh" "--gtest_also_run_disabled_tests"
Directory: /Users/danilamalafeev/Documents/New project/build-release
"L2OrderBookTest.AllowsSimulatedDepletionBeyondVisibleQuantityUntilFeedRefresh" start time: Apr 28 21:30 MSK
Output:
----------------------------------------------------------
Running main() from /Users/danilamalafeev/Documents/New project/build-release/_deps/googletest-src/googletest/src/gtest_main.cc
Note: Google Test filter = L2OrderBookTest.AllowsSimulatedDepletionBeyondVisibleQuantityUntilFeedRefresh
[==========] Running 1 test from 1 test suite.
[----------] Global test environment set-up.
[----------] 1 test from L2OrderBookTest
[ RUN      ] L2OrderBookTest.AllowsSimulatedDepletionBeyondVisibleQuantityUntilFeedRefresh
[       OK ] L2OrderBookTest.AllowsSimulatedDepletionBeyondVisibleQuantityUntilFeedRefresh (0 ms)
[----------] 1 test from L2OrderBookTest (0 ms total)

[----------] Global test environment tear-down
[==========] 1 test from 1 test suite ran. (0 ms total)
[  PASSED  ] 1 test.
<end of output>
Test time =   0.01 sec
----------------------------------------------------------
Test Passed.
"L2OrderBookTest.AllowsSimulatedDepletionBeyondVisibleQuantityUntilFeedRefresh" end time: Apr 28 21:30 MSK
"L2OrderBookTest.AllowsSimulatedDepletionBeyondVisibleQuantityUntilFeedRefresh" time elapsed: 00:00:00
----------------------------------------------------------

12/42 Testing: L2OrderBookTest.EnforcesCapacityByDroppingDeepLevels
12/42 Test: L2OrderBookTest.EnforcesCapacityByDroppingDeepLevels
Command: "/Users/danilamalafeev/Documents/New project/build-release/lob_tests" "--gtest_filter=L2OrderBookTest.EnforcesCapacityByDroppingDeepLevels" "--gtest_also_run_disabled_tests"
Directory: /Users/danilamalafeev/Documents/New project/build-release
"L2OrderBookTest.EnforcesCapacityByDroppingDeepLevels" start time: Apr 28 21:30 MSK
Output:
----------------------------------------------------------
Running main() from /Users/danilamalafeev/Documents/New project/build-release/_deps/googletest-src/googletest/src/gtest_main.cc
Note: Google Test filter = L2OrderBookTest.EnforcesCapacityByDroppingDeepLevels
[==========] Running 1 test from 1 test suite.
[----------] Global test environment set-up.
[----------] 1 test from L2OrderBookTest
[ RUN      ] L2OrderBookTest.EnforcesCapacityByDroppingDeepLevels
[       OK ] L2OrderBookTest.EnforcesCapacityByDroppingDeepLevels (0 ms)
[----------] 1 test from L2OrderBookTest (0 ms total)

[----------] Global test environment tear-down
[==========] 1 test from 1 test suite ran. (0 ms total)
[  PASSED  ] 1 test.
<end of output>
Test time =   0.01 sec
----------------------------------------------------------
Test Passed.
"L2OrderBookTest.EnforcesCapacityByDroppingDeepLevels" end time: Apr 28 21:30 MSK
"L2OrderBookTest.EnforcesCapacityByDroppingDeepLevels" time elapsed: 00:00:00
----------------------------------------------------------

13/42 Testing: L2OrderBookTest.AppliesSnapshotByClearingBothSides
13/42 Test: L2OrderBookTest.AppliesSnapshotByClearingBothSides
Command: "/Users/danilamalafeev/Documents/New project/build-release/lob_tests" "--gtest_filter=L2OrderBookTest.AppliesSnapshotByClearingBothSides" "--gtest_also_run_disabled_tests"
Directory: /Users/danilamalafeev/Documents/New project/build-release
"L2OrderBookTest.AppliesSnapshotByClearingBothSides" start time: Apr 28 21:30 MSK
Output:
----------------------------------------------------------
Running main() from /Users/danilamalafeev/Documents/New project/build-release/_deps/googletest-src/googletest/src/gtest_main.cc
Note: Google Test filter = L2OrderBookTest.AppliesSnapshotByClearingBothSides
[==========] Running 1 test from 1 test suite.
[----------] Global test environment set-up.
[----------] 1 test from L2OrderBookTest
[ RUN      ] L2OrderBookTest.AppliesSnapshotByClearingBothSides
[       OK ] L2OrderBookTest.AppliesSnapshotByClearingBothSides (0 ms)
[----------] 1 test from L2OrderBookTest (0 ms total)

[----------] Global test environment tear-down
[==========] 1 test from 1 test suite ran. (0 ms total)
[  PASSED  ] 1 test.
<end of output>
Test time =   0.01 sec
----------------------------------------------------------
Test Passed.
"L2OrderBookTest.AppliesSnapshotByClearingBothSides" end time: Apr 28 21:30 MSK
"L2OrderBookTest.AppliesSnapshotByClearingBothSides" time elapsed: 00:00:00
----------------------------------------------------------

14/42 Testing: L2OrderBookTest.RemovesLevelsNotPresentInSnapshotWithoutClearingRetainedDepletion
14/42 Test: L2OrderBookTest.RemovesLevelsNotPresentInSnapshotWithoutClearingRetainedDepletion
Command: "/Users/danilamalafeev/Documents/New project/build-release/lob_tests" "--gtest_filter=L2OrderBookTest.RemovesLevelsNotPresentInSnapshotWithoutClearingRetainedDepletion" "--gtest_also_run_disabled_tests"
Directory: /Users/danilamalafeev/Documents/New project/build-release
"L2OrderBookTest.RemovesLevelsNotPresentInSnapshotWithoutClearingRetainedDepletion" start time: Apr 28 21:30 MSK
Output:
----------------------------------------------------------
Running main() from /Users/danilamalafeev/Documents/New project/build-release/_deps/googletest-src/googletest/src/gtest_main.cc
Note: Google Test filter = L2OrderBookTest.RemovesLevelsNotPresentInSnapshotWithoutClearingRetainedDepletion
[==========] Running 1 test from 1 test suite.
[----------] Global test environment set-up.
[----------] 1 test from L2OrderBookTest
[ RUN      ] L2OrderBookTest.RemovesLevelsNotPresentInSnapshotWithoutClearingRetainedDepletion
[       OK ] L2OrderBookTest.RemovesLevelsNotPresentInSnapshotWithoutClearingRetainedDepletion (0 ms)
[----------] 1 test from L2OrderBookTest (0 ms total)

[----------] Global test environment tear-down
[==========] 1 test from 1 test suite ran. (0 ms total)
[  PASSED  ] 1 test.
<end of output>
Test time =   0.01 sec
----------------------------------------------------------
Test Passed.
"L2OrderBookTest.RemovesLevelsNotPresentInSnapshotWithoutClearingRetainedDepletion" end time: Apr 28 21:30 MSK
"L2OrderBookTest.RemovesLevelsNotPresentInSnapshotWithoutClearingRetainedDepletion" time elapsed: 00:00:00
----------------------------------------------------------

15/42 Testing: PolymarketOrderBookTest.MaintainsDepthByCentIndexAndFindsBboWithMasks
15/42 Test: PolymarketOrderBookTest.MaintainsDepthByCentIndexAndFindsBboWithMasks
Command: "/Users/danilamalafeev/Documents/New project/build-release/lob_tests" "--gtest_filter=PolymarketOrderBookTest.MaintainsDepthByCentIndexAndFindsBboWithMasks" "--gtest_also_run_disabled_tests"
Directory: /Users/danilamalafeev/Documents/New project/build-release
"PolymarketOrderBookTest.MaintainsDepthByCentIndexAndFindsBboWithMasks" start time: Apr 28 21:30 MSK
Output:
----------------------------------------------------------
Running main() from /Users/danilamalafeev/Documents/New project/build-release/_deps/googletest-src/googletest/src/gtest_main.cc
Note: Google Test filter = PolymarketOrderBookTest.MaintainsDepthByCentIndexAndFindsBboWithMasks
[==========] Running 1 test from 1 test suite.
[----------] Global test environment set-up.
[----------] 1 test from PolymarketOrderBookTest
[ RUN      ] PolymarketOrderBookTest.MaintainsDepthByCentIndexAndFindsBboWithMasks
[       OK ] PolymarketOrderBookTest.MaintainsDepthByCentIndexAndFindsBboWithMasks (0 ms)
[----------] 1 test from PolymarketOrderBookTest (0 ms total)

[----------] Global test environment tear-down
[==========] 1 test from 1 test suite ran. (0 ms total)
[  PASSED  ] 1 test.
<end of output>
Test time =   0.01 sec
----------------------------------------------------------
Test Passed.
"PolymarketOrderBookTest.MaintainsDepthByCentIndexAndFindsBboWithMasks" end time: Apr 28 21:30 MSK
"PolymarketOrderBookTest.MaintainsDepthByCentIndexAndFindsBboWithMasks" time elapsed: 00:00:00
----------------------------------------------------------

16/42 Testing: PolymarketOrderBookTest.RemovesTopLevelAndRejectsOutOfRangePrices
16/42 Test: PolymarketOrderBookTest.RemovesTopLevelAndRejectsOutOfRangePrices
Command: "/Users/danilamalafeev/Documents/New project/build-release/lob_tests" "--gtest_filter=PolymarketOrderBookTest.RemovesTopLevelAndRejectsOutOfRangePrices" "--gtest_also_run_disabled_tests"
Directory: /Users/danilamalafeev/Documents/New project/build-release
"PolymarketOrderBookTest.RemovesTopLevelAndRejectsOutOfRangePrices" start time: Apr 28 21:30 MSK
Output:
----------------------------------------------------------
Running main() from /Users/danilamalafeev/Documents/New project/build-release/_deps/googletest-src/googletest/src/gtest_main.cc
Note: Google Test filter = PolymarketOrderBookTest.RemovesTopLevelAndRejectsOutOfRangePrices
[==========] Running 1 test from 1 test suite.
[----------] Global test environment set-up.
[----------] 1 test from PolymarketOrderBookTest
[ RUN      ] PolymarketOrderBookTest.RemovesTopLevelAndRejectsOutOfRangePrices
[       OK ] PolymarketOrderBookTest.RemovesTopLevelAndRejectsOutOfRangePrices (0 ms)
[----------] 1 test from PolymarketOrderBookTest (0 ms total)

[----------] Global test environment tear-down
[==========] 1 test from 1 test suite ran. (0 ms total)
[  PASSED  ] 1 test.
<end of output>
Test time =   0.01 sec
----------------------------------------------------------
Test Passed.
"PolymarketOrderBookTest.RemovesTopLevelAndRejectsOutOfRangePrices" end time: Apr 28 21:30 MSK
"PolymarketOrderBookTest.RemovesTopLevelAndRejectsOutOfRangePrices" time elapsed: 00:00:00
----------------------------------------------------------

17/42 Testing: PolymarketFeedAdapterTest.RoutesDenseTokenUpdatesToBoundBooks
17/42 Test: PolymarketFeedAdapterTest.RoutesDenseTokenUpdatesToBoundBooks
Command: "/Users/danilamalafeev/Documents/New project/build-release/lob_tests" "--gtest_filter=PolymarketFeedAdapterTest.RoutesDenseTokenUpdatesToBoundBooks" "--gtest_also_run_disabled_tests"
Directory: /Users/danilamalafeev/Documents/New project/build-release
"PolymarketFeedAdapterTest.RoutesDenseTokenUpdatesToBoundBooks" start time: Apr 28 21:30 MSK
Output:
----------------------------------------------------------
Running main() from /Users/danilamalafeev/Documents/New project/build-release/_deps/googletest-src/googletest/src/gtest_main.cc
Note: Google Test filter = PolymarketFeedAdapterTest.RoutesDenseTokenUpdatesToBoundBooks
[==========] Running 1 test from 1 test suite.
[----------] Global test environment set-up.
[----------] 1 test from PolymarketFeedAdapterTest
[ RUN      ] PolymarketFeedAdapterTest.RoutesDenseTokenUpdatesToBoundBooks
[       OK ] PolymarketFeedAdapterTest.RoutesDenseTokenUpdatesToBoundBooks (0 ms)
[----------] 1 test from PolymarketFeedAdapterTest (0 ms total)

[----------] Global test environment tear-down
[==========] 1 test from 1 test suite ran. (0 ms total)
[  PASSED  ] 1 test.
<end of output>
Test time =   0.01 sec
----------------------------------------------------------
Test Passed.
"PolymarketFeedAdapterTest.RoutesDenseTokenUpdatesToBoundBooks" end time: Apr 28 21:30 MSK
"PolymarketFeedAdapterTest.RoutesDenseTokenUpdatesToBoundBooks" time elapsed: 00:00:00
----------------------------------------------------------

18/42 Testing: DynamicWalletTest.TracksReservedAndFreeBalances
18/42 Test: DynamicWalletTest.TracksReservedAndFreeBalances
Command: "/Users/danilamalafeev/Documents/New project/build-release/lob_tests" "--gtest_filter=DynamicWalletTest.TracksReservedAndFreeBalances" "--gtest_also_run_disabled_tests"
Directory: /Users/danilamalafeev/Documents/New project/build-release
"DynamicWalletTest.TracksReservedAndFreeBalances" start time: Apr 28 21:30 MSK
Output:
----------------------------------------------------------
Running main() from /Users/danilamalafeev/Documents/New project/build-release/_deps/googletest-src/googletest/src/gtest_main.cc
Note: Google Test filter = DynamicWalletTest.TracksReservedAndFreeBalances
[==========] Running 1 test from 1 test suite.
[----------] Global test environment set-up.
[----------] 1 test from DynamicWalletTest
[ RUN      ] DynamicWalletTest.TracksReservedAndFreeBalances
[       OK ] DynamicWalletTest.TracksReservedAndFreeBalances (0 ms)
[----------] 1 test from DynamicWalletTest (0 ms total)

[----------] Global test environment tear-down
[==========] 1 test from 1 test suite ran. (0 ms total)
[  PASSED  ] 1 test.
<end of output>
Test time =   0.01 sec
----------------------------------------------------------
Test Passed.
"DynamicWalletTest.TracksReservedAndFreeBalances" end time: Apr 28 21:30 MSK
"DynamicWalletTest.TracksReservedAndFreeBalances" time elapsed: 00:00:00
----------------------------------------------------------

19/42 Testing: AnalyticsTest.ComputesPnlAndDrawdownFromEquityCurve
19/42 Test: AnalyticsTest.ComputesPnlAndDrawdownFromEquityCurve
Command: "/Users/danilamalafeev/Documents/New project/build-release/lob_tests" "--gtest_filter=AnalyticsTest.ComputesPnlAndDrawdownFromEquityCurve" "--gtest_also_run_disabled_tests"
Directory: /Users/danilamalafeev/Documents/New project/build-release
"AnalyticsTest.ComputesPnlAndDrawdownFromEquityCurve" start time: Apr 28 21:30 MSK
Output:
----------------------------------------------------------
Running main() from /Users/danilamalafeev/Documents/New project/build-release/_deps/googletest-src/googletest/src/gtest_main.cc
Note: Google Test filter = AnalyticsTest.ComputesPnlAndDrawdownFromEquityCurve
[==========] Running 1 test from 1 test suite.
[----------] Global test environment set-up.
[----------] 1 test from AnalyticsTest
[ RUN      ] AnalyticsTest.ComputesPnlAndDrawdownFromEquityCurve
[       OK ] AnalyticsTest.ComputesPnlAndDrawdownFromEquityCurve (0 ms)
[----------] 1 test from AnalyticsTest (0 ms total)

[----------] Global test environment tear-down
[==========] 1 test from 1 test suite ran. (0 ms total)
[  PASSED  ] 1 test.
<end of output>
Test time =   0.01 sec
----------------------------------------------------------
Test Passed.
"AnalyticsTest.ComputesPnlAndDrawdownFromEquityCurve" end time: Apr 28 21:30 MSK
"AnalyticsTest.ComputesPnlAndDrawdownFromEquityCurve" time elapsed: 00:00:00
----------------------------------------------------------

20/42 Testing: CsvParserTest.StreamsMmapEventsWithOneEventLookahead
20/42 Test: CsvParserTest.StreamsMmapEventsWithOneEventLookahead
Command: "/Users/danilamalafeev/Documents/New project/build-release/lob_tests" "--gtest_filter=CsvParserTest.StreamsMmapEventsWithOneEventLookahead" "--gtest_also_run_disabled_tests"
Directory: /Users/danilamalafeev/Documents/New project/build-release
"CsvParserTest.StreamsMmapEventsWithOneEventLookahead" start time: Apr 28 21:30 MSK
Output:
----------------------------------------------------------
Running main() from /Users/danilamalafeev/Documents/New project/build-release/_deps/googletest-src/googletest/src/gtest_main.cc
Note: Google Test filter = CsvParserTest.StreamsMmapEventsWithOneEventLookahead
[==========] Running 1 test from 1 test suite.
[----------] Global test environment set-up.
[----------] 1 test from CsvParserTest
[ RUN      ] CsvParserTest.StreamsMmapEventsWithOneEventLookahead
[       OK ] CsvParserTest.StreamsMmapEventsWithOneEventLookahead (0 ms)
[----------] 1 test from CsvParserTest (0 ms total)

[----------] Global test environment tear-down
[==========] 1 test from 1 test suite ran. (0 ms total)
[  PASSED  ] 1 test.
<end of output>
Test time =   0.01 sec
----------------------------------------------------------
Test Passed.
"CsvParserTest.StreamsMmapEventsWithOneEventLookahead" end time: Apr 28 21:30 MSK
"CsvParserTest.StreamsMmapEventsWithOneEventLookahead" time elapsed: 00:00:00
----------------------------------------------------------

21/42 Testing: L2Depth5CsvParserTest.StreamsDepth5RowsAndBackfillsBboRows
21/42 Test: L2Depth5CsvParserTest.StreamsDepth5RowsAndBackfillsBboRows
Command: "/Users/danilamalafeev/Documents/New project/build-release/lob_tests" "--gtest_filter=L2Depth5CsvParserTest.StreamsDepth5RowsAndBackfillsBboRows" "--gtest_also_run_disabled_tests"
Directory: /Users/danilamalafeev/Documents/New project/build-release
"L2Depth5CsvParserTest.StreamsDepth5RowsAndBackfillsBboRows" start time: Apr 28 21:30 MSK
Output:
----------------------------------------------------------
Running main() from /Users/danilamalafeev/Documents/New project/build-release/_deps/googletest-src/googletest/src/gtest_main.cc
Note: Google Test filter = L2Depth5CsvParserTest.StreamsDepth5RowsAndBackfillsBboRows
[==========] Running 1 test from 1 test suite.
[----------] Global test environment set-up.
[----------] 1 test from L2Depth5CsvParserTest
[ RUN      ] L2Depth5CsvParserTest.StreamsDepth5RowsAndBackfillsBboRows
[       OK ] L2Depth5CsvParserTest.StreamsDepth5RowsAndBackfillsBboRows (0 ms)
[----------] 1 test from L2Depth5CsvParserTest (0 ms total)

[----------] Global test environment tear-down
[==========] 1 test from 1 test suite ran. (0 ms total)
[  PASSED  ] 1 test.
<end of output>
Test time =   0.01 sec
----------------------------------------------------------
Test Passed.
"L2Depth5CsvParserTest.StreamsDepth5RowsAndBackfillsBboRows" end time: Apr 28 21:30 MSK
"L2Depth5CsvParserTest.StreamsDepth5RowsAndBackfillsBboRows" time elapsed: 00:00:00
----------------------------------------------------------

22/42 Testing: L2UpdateCsvParserTest.StreamsRawL2UpdatesAndBooleanFormats
22/42 Test: L2UpdateCsvParserTest.StreamsRawL2UpdatesAndBooleanFormats
Command: "/Users/danilamalafeev/Documents/New project/build-release/lob_tests" "--gtest_filter=L2UpdateCsvParserTest.StreamsRawL2UpdatesAndBooleanFormats" "--gtest_also_run_disabled_tests"
Directory: /Users/danilamalafeev/Documents/New project/build-release
"L2UpdateCsvParserTest.StreamsRawL2UpdatesAndBooleanFormats" start time: Apr 28 21:30 MSK
Output:
----------------------------------------------------------
Running main() from /Users/danilamalafeev/Documents/New project/build-release/_deps/googletest-src/googletest/src/gtest_main.cc
Note: Google Test filter = L2UpdateCsvParserTest.StreamsRawL2UpdatesAndBooleanFormats
[==========] Running 1 test from 1 test suite.
[----------] Global test environment set-up.
[----------] 1 test from L2UpdateCsvParserTest
[ RUN      ] L2UpdateCsvParserTest.StreamsRawL2UpdatesAndBooleanFormats
[       OK ] L2UpdateCsvParserTest.StreamsRawL2UpdatesAndBooleanFormats (0 ms)
[----------] 1 test from L2UpdateCsvParserTest (0 ms total)

[----------] Global test environment tear-down
[==========] 1 test from 1 test suite ran. (0 ms total)
[  PASSED  ] 1 test.
<end of output>
Test time =   0.01 sec
----------------------------------------------------------
Test Passed.
"L2UpdateCsvParserTest.StreamsRawL2UpdatesAndBooleanFormats" end time: Apr 28 21:30 MSK
"L2UpdateCsvParserTest.StreamsRawL2UpdatesAndBooleanFormats" time elapsed: 00:00:00
----------------------------------------------------------

23/42 Testing: VenueReplayTest.RejectsSequenceGapsAndReorderingPerProduct
23/42 Test: VenueReplayTest.RejectsSequenceGapsAndReorderingPerProduct
Command: "/Users/danilamalafeev/Documents/New project/build-release/lob_tests" "--gtest_filter=VenueReplayTest.RejectsSequenceGapsAndReorderingPerProduct" "--gtest_also_run_disabled_tests"
Directory: /Users/danilamalafeev/Documents/New project/build-release
"VenueReplayTest.RejectsSequenceGapsAndReorderingPerProduct" start time: Apr 28 21:30 MSK
Output:
----------------------------------------------------------
Running main() from /Users/danilamalafeev/Documents/New project/build-release/_deps/googletest-src/googletest/src/gtest_main.cc
Note: Google Test filter = VenueReplayTest.RejectsSequenceGapsAndReorderingPerProduct
[==========] Running 1 test from 1 test suite.
[----------] Global test environment set-up.
[----------] 1 test from VenueReplayTest
[ RUN      ] VenueReplayTest.RejectsSequenceGapsAndReorderingPerProduct
[       OK ] VenueReplayTest.RejectsSequenceGapsAndReorderingPerProduct (0 ms)
[----------] 1 test from VenueReplayTest (0 ms total)

[----------] Global test environment tear-down
[==========] 1 test from 1 test suite ran. (0 ms total)
[  PASSED  ] 1 test.
<end of output>
Test time =   0.01 sec
----------------------------------------------------------
Test Passed.
"VenueReplayTest.RejectsSequenceGapsAndReorderingPerProduct" end time: Apr 28 21:30 MSK
"VenueReplayTest.RejectsSequenceGapsAndReorderingPerProduct" time elapsed: 00:00:00
----------------------------------------------------------

24/42 Testing: VenueReplayTest.AcceptsNewSnapshotEpochForSameProduct
24/42 Test: VenueReplayTest.AcceptsNewSnapshotEpochForSameProduct
Command: "/Users/danilamalafeev/Documents/New project/build-release/lob_tests" "--gtest_filter=VenueReplayTest.AcceptsNewSnapshotEpochForSameProduct" "--gtest_also_run_disabled_tests"
Directory: /Users/danilamalafeev/Documents/New project/build-release
"VenueReplayTest.AcceptsNewSnapshotEpochForSameProduct" start time: Apr 28 21:30 MSK
Output:
----------------------------------------------------------
Running main() from /Users/danilamalafeev/Documents/New project/build-release/_deps/googletest-src/googletest/src/gtest_main.cc
Note: Google Test filter = VenueReplayTest.AcceptsNewSnapshotEpochForSameProduct
[==========] Running 1 test from 1 test suite.
[----------] Global test environment set-up.
[----------] 1 test from VenueReplayTest
[ RUN      ] VenueReplayTest.AcceptsNewSnapshotEpochForSameProduct
[       OK ] VenueReplayTest.AcceptsNewSnapshotEpochForSameProduct (0 ms)
[----------] 1 test from VenueReplayTest (0 ms total)

[----------] Global test environment tear-down
[==========] 1 test from 1 test suite ran. (0 ms total)
[  PASSED  ] 1 test.
<end of output>
Test time =   0.01 sec
----------------------------------------------------------
Test Passed.
"VenueReplayTest.AcceptsNewSnapshotEpochForSameProduct" end time: Apr 28 21:30 MSK
"VenueReplayTest.AcceptsNewSnapshotEpochForSameProduct" time elapsed: 00:00:00
----------------------------------------------------------

25/42 Testing: VenueManifestTest.DescribesVenueProductScalesAndCosts
25/42 Test: VenueManifestTest.DescribesVenueProductScalesAndCosts
Command: "/Users/danilamalafeev/Documents/New project/build-release/lob_tests" "--gtest_filter=VenueManifestTest.DescribesVenueProductScalesAndCosts" "--gtest_also_run_disabled_tests"
Directory: /Users/danilamalafeev/Documents/New project/build-release
"VenueManifestTest.DescribesVenueProductScalesAndCosts" start time: Apr 28 21:30 MSK
Output:
----------------------------------------------------------
Running main() from /Users/danilamalafeev/Documents/New project/build-release/_deps/googletest-src/googletest/src/gtest_main.cc
Note: Google Test filter = VenueManifestTest.DescribesVenueProductScalesAndCosts
[==========] Running 1 test from 1 test suite.
[----------] Global test environment set-up.
[----------] 1 test from VenueManifestTest
[ RUN      ] VenueManifestTest.DescribesVenueProductScalesAndCosts
[       OK ] VenueManifestTest.DescribesVenueProductScalesAndCosts (0 ms)
[----------] 1 test from VenueManifestTest (0 ms total)

[----------] Global test environment tear-down
[==========] 1 test from 1 test suite ran. (0 ms total)
[  PASSED  ] 1 test.
<end of output>
Test time =   0.01 sec
----------------------------------------------------------
Test Passed.
"VenueManifestTest.DescribesVenueProductScalesAndCosts" end time: Apr 28 21:30 MSK
"VenueManifestTest.DescribesVenueProductScalesAndCosts" time elapsed: 00:00:00
----------------------------------------------------------

26/42 Testing: L2BacktestEngineTest.InitializesFromSnapshotAndInvokesStrategyOnBatch
26/42 Test: L2BacktestEngineTest.InitializesFromSnapshotAndInvokesStrategyOnBatch
Command: "/Users/danilamalafeev/Documents/New project/build-release/lob_tests" "--gtest_filter=L2BacktestEngineTest.InitializesFromSnapshotAndInvokesStrategyOnBatch" "--gtest_also_run_disabled_tests"
Directory: /Users/danilamalafeev/Documents/New project/build-release
"L2BacktestEngineTest.InitializesFromSnapshotAndInvokesStrategyOnBatch" start time: Apr 28 21:30 MSK
Output:
----------------------------------------------------------
Running main() from /Users/danilamalafeev/Documents/New project/build-release/_deps/googletest-src/googletest/src/gtest_main.cc
Note: Google Test filter = L2BacktestEngineTest.InitializesFromSnapshotAndInvokesStrategyOnBatch
[==========] Running 1 test from 1 test suite.
[----------] Global test environment set-up.
[----------] 1 test from L2BacktestEngineTest
[ RUN      ] L2BacktestEngineTest.InitializesFromSnapshotAndInvokesStrategyOnBatch
[       OK ] L2BacktestEngineTest.InitializesFromSnapshotAndInvokesStrategyOnBatch (0 ms)
[----------] 1 test from L2BacktestEngineTest (0 ms total)

[----------] Global test environment tear-down
[==========] 1 test from 1 test suite ran. (0 ms total)
[  PASSED  ] 1 test.
<end of output>
Test time =   0.01 sec
----------------------------------------------------------
Test Passed.
"L2BacktestEngineTest.InitializesFromSnapshotAndInvokesStrategyOnBatch" end time: Apr 28 21:30 MSK
"L2BacktestEngineTest.InitializesFromSnapshotAndInvokesStrategyOnBatch" time elapsed: 00:00:00
----------------------------------------------------------

27/42 Testing: L2BacktestEngineTest.AppliesIncrementalUpdateAndDelete
27/42 Test: L2BacktestEngineTest.AppliesIncrementalUpdateAndDelete
Command: "/Users/danilamalafeev/Documents/New project/build-release/lob_tests" "--gtest_filter=L2BacktestEngineTest.AppliesIncrementalUpdateAndDelete" "--gtest_also_run_disabled_tests"
Directory: /Users/danilamalafeev/Documents/New project/build-release
"L2BacktestEngineTest.AppliesIncrementalUpdateAndDelete" start time: Apr 28 21:30 MSK
Output:
----------------------------------------------------------
Running main() from /Users/danilamalafeev/Documents/New project/build-release/_deps/googletest-src/googletest/src/gtest_main.cc
Note: Google Test filter = L2BacktestEngineTest.AppliesIncrementalUpdateAndDelete
[==========] Running 1 test from 1 test suite.
[----------] Global test environment set-up.
[----------] 1 test from L2BacktestEngineTest
[ RUN      ] L2BacktestEngineTest.AppliesIncrementalUpdateAndDelete
[       OK ] L2BacktestEngineTest.AppliesIncrementalUpdateAndDelete (1 ms)
[----------] 1 test from L2BacktestEngineTest (1 ms total)

[----------] Global test environment tear-down
[==========] 1 test from 1 test suite ran. (1 ms total)
[  PASSED  ] 1 test.
<end of output>
Test time =   0.01 sec
----------------------------------------------------------
Test Passed.
"L2BacktestEngineTest.AppliesIncrementalUpdateAndDelete" end time: Apr 28 21:30 MSK
"L2BacktestEngineTest.AppliesIncrementalUpdateAndDelete" time elapsed: 00:00:00
----------------------------------------------------------

28/42 Testing: L2BacktestEngineTest.MarketMakerPlacesPassiveQuotesWithoutImmediateFill
28/42 Test: L2BacktestEngineTest.MarketMakerPlacesPassiveQuotesWithoutImmediateFill
Command: "/Users/danilamalafeev/Documents/New project/build-release/lob_tests" "--gtest_filter=L2BacktestEngineTest.MarketMakerPlacesPassiveQuotesWithoutImmediateFill" "--gtest_also_run_disabled_tests"
Directory: /Users/danilamalafeev/Documents/New project/build-release
"L2BacktestEngineTest.MarketMakerPlacesPassiveQuotesWithoutImmediateFill" start time: Apr 28 21:30 MSK
Output:
----------------------------------------------------------
Running main() from /Users/danilamalafeev/Documents/New project/build-release/_deps/googletest-src/googletest/src/gtest_main.cc
Note: Google Test filter = L2BacktestEngineTest.MarketMakerPlacesPassiveQuotesWithoutImmediateFill
[==========] Running 1 test from 1 test suite.
[----------] Global test environment set-up.
[----------] 1 test from L2BacktestEngineTest
[ RUN      ] L2BacktestEngineTest.MarketMakerPlacesPassiveQuotesWithoutImmediateFill
[       OK ] L2BacktestEngineTest.MarketMakerPlacesPassiveQuotesWithoutImmediateFill (0 ms)
[----------] 1 test from L2BacktestEngineTest (0 ms total)

[----------] Global test environment tear-down
[==========] 1 test from 1 test suite ran. (0 ms total)
[  PASSED  ] 1 test.
<end of output>
Test time =   0.01 sec
----------------------------------------------------------
Test Passed.
"L2BacktestEngineTest.MarketMakerPlacesPassiveQuotesWithoutImmediateFill" end time: Apr 28 21:30 MSK
"L2BacktestEngineTest.MarketMakerPlacesPassiveQuotesWithoutImmediateFill" time elapsed: 00:00:00
----------------------------------------------------------

29/42 Testing: L2BacktestEngineTest.LatencyDelayedAggressiveOrderFillsAgainstVisibleDepth
29/42 Test: L2BacktestEngineTest.LatencyDelayedAggressiveOrderFillsAgainstVisibleDepth
Command: "/Users/danilamalafeev/Documents/New project/build-release/lob_tests" "--gtest_filter=L2BacktestEngineTest.LatencyDelayedAggressiveOrderFillsAgainstVisibleDepth" "--gtest_also_run_disabled_tests"
Directory: /Users/danilamalafeev/Documents/New project/build-release
"L2BacktestEngineTest.LatencyDelayedAggressiveOrderFillsAgainstVisibleDepth" start time: Apr 28 21:30 MSK
Output:
----------------------------------------------------------
Running main() from /Users/danilamalafeev/Documents/New project/build-release/_deps/googletest-src/googletest/src/gtest_main.cc
Note: Google Test filter = L2BacktestEngineTest.LatencyDelayedAggressiveOrderFillsAgainstVisibleDepth
[==========] Running 1 test from 1 test suite.
[----------] Global test environment set-up.
[----------] 1 test from L2BacktestEngineTest
[ RUN      ] L2BacktestEngineTest.LatencyDelayedAggressiveOrderFillsAgainstVisibleDepth
[       OK ] L2BacktestEngineTest.LatencyDelayedAggressiveOrderFillsAgainstVisibleDepth (1 ms)
[----------] 1 test from L2BacktestEngineTest (1 ms total)

[----------] Global test environment tear-down
[==========] 1 test from 1 test suite ran. (1 ms total)
[  PASSED  ] 1 test.
<end of output>
Test time =   0.01 sec
----------------------------------------------------------
Test Passed.
"L2BacktestEngineTest.LatencyDelayedAggressiveOrderFillsAgainstVisibleDepth" end time: Apr 28 21:30 MSK
"L2BacktestEngineTest.LatencyDelayedAggressiveOrderFillsAgainstVisibleDepth" time elapsed: 00:00:00
----------------------------------------------------------

30/42 Testing: L2BacktestEngineTest.DoesNotFillBeforeBookExists
30/42 Test: L2BacktestEngineTest.DoesNotFillBeforeBookExists
Command: "/Users/danilamalafeev/Documents/New project/build-release/lob_tests" "--gtest_filter=L2BacktestEngineTest.DoesNotFillBeforeBookExists" "--gtest_also_run_disabled_tests"
Directory: /Users/danilamalafeev/Documents/New project/build-release
"L2BacktestEngineTest.DoesNotFillBeforeBookExists" start time: Apr 28 21:30 MSK
Output:
----------------------------------------------------------
Running main() from /Users/danilamalafeev/Documents/New project/build-release/_deps/googletest-src/googletest/src/gtest_main.cc
Note: Google Test filter = L2BacktestEngineTest.DoesNotFillBeforeBookExists
[==========] Running 1 test from 1 test suite.
[----------] Global test environment set-up.
[----------] 1 test from L2BacktestEngineTest
[ RUN      ] L2BacktestEngineTest.DoesNotFillBeforeBookExists
[       OK ] L2BacktestEngineTest.DoesNotFillBeforeBookExists (0 ms)
[----------] 1 test from L2BacktestEngineTest (1 ms total)

[----------] Global test environment tear-down
[==========] 1 test from 1 test suite ran. (1 ms total)
[  PASSED  ] 1 test.
<end of output>
Test time =   0.01 sec
----------------------------------------------------------
Test Passed.
"L2BacktestEngineTest.DoesNotFillBeforeBookExists" end time: Apr 28 21:30 MSK
"L2BacktestEngineTest.DoesNotFillBeforeBookExists" time elapsed: 00:00:00
----------------------------------------------------------

31/42 Testing: L2BacktestEngineTest.NativeStrategyConsumesL2BookWithoutAdapter
31/42 Test: L2BacktestEngineTest.NativeStrategyConsumesL2BookWithoutAdapter
Command: "/Users/danilamalafeev/Documents/New project/build-release/lob_tests" "--gtest_filter=L2BacktestEngineTest.NativeStrategyConsumesL2BookWithoutAdapter" "--gtest_also_run_disabled_tests"
Directory: /Users/danilamalafeev/Documents/New project/build-release
"L2BacktestEngineTest.NativeStrategyConsumesL2BookWithoutAdapter" start time: Apr 28 21:30 MSK
Output:
----------------------------------------------------------
Running main() from /Users/danilamalafeev/Documents/New project/build-release/_deps/googletest-src/googletest/src/gtest_main.cc
Note: Google Test filter = L2BacktestEngineTest.NativeStrategyConsumesL2BookWithoutAdapter
[==========] Running 1 test from 1 test suite.
[----------] Global test environment set-up.
[----------] 1 test from L2BacktestEngineTest
[ RUN      ] L2BacktestEngineTest.NativeStrategyConsumesL2BookWithoutAdapter
[       OK ] L2BacktestEngineTest.NativeStrategyConsumesL2BookWithoutAdapter (0 ms)
[----------] 1 test from L2BacktestEngineTest (0 ms total)

[----------] Global test environment tear-down
[==========] 1 test from 1 test suite ran. (0 ms total)
[  PASSED  ] 1 test.
<end of output>
Test time =   0.01 sec
----------------------------------------------------------
Test Passed.
"L2BacktestEngineTest.NativeStrategyConsumesL2BookWithoutAdapter" end time: Apr 28 21:30 MSK
"L2BacktestEngineTest.NativeStrategyConsumesL2BookWithoutAdapter" time elapsed: 00:00:00
----------------------------------------------------------

32/42 Testing: L2BacktestEngineTest.NativeMarketMakerPlacesQuotes
32/42 Test: L2BacktestEngineTest.NativeMarketMakerPlacesQuotes
Command: "/Users/danilamalafeev/Documents/New project/build-release/lob_tests" "--gtest_filter=L2BacktestEngineTest.NativeMarketMakerPlacesQuotes" "--gtest_also_run_disabled_tests"
Directory: /Users/danilamalafeev/Documents/New project/build-release
"L2BacktestEngineTest.NativeMarketMakerPlacesQuotes" start time: Apr 28 21:30 MSK
Output:
----------------------------------------------------------
Running main() from /Users/danilamalafeev/Documents/New project/build-release/_deps/googletest-src/googletest/src/gtest_main.cc
Note: Google Test filter = L2BacktestEngineTest.NativeMarketMakerPlacesQuotes
[==========] Running 1 test from 1 test suite.
[----------] Global test environment set-up.
[----------] 1 test from L2BacktestEngineTest
[ RUN      ] L2BacktestEngineTest.NativeMarketMakerPlacesQuotes
[       OK ] L2BacktestEngineTest.NativeMarketMakerPlacesQuotes (0 ms)
[----------] 1 test from L2BacktestEngineTest (0 ms total)

[----------] Global test environment tear-down
[==========] 1 test from 1 test suite ran. (1 ms total)
[  PASSED  ] 1 test.
<end of output>
Test time =   0.01 sec
----------------------------------------------------------
Test Passed.
"L2BacktestEngineTest.NativeMarketMakerPlacesQuotes" end time: Apr 28 21:30 MSK
"L2BacktestEngineTest.NativeMarketMakerPlacesQuotes" time elapsed: 00:00:00
----------------------------------------------------------

33/42 Testing: L2BacktestEngineTest.NativeLatencyDelayedOrderFills
33/42 Test: L2BacktestEngineTest.NativeLatencyDelayedOrderFills
Command: "/Users/danilamalafeev/Documents/New project/build-release/lob_tests" "--gtest_filter=L2BacktestEngineTest.NativeLatencyDelayedOrderFills" "--gtest_also_run_disabled_tests"
Directory: /Users/danilamalafeev/Documents/New project/build-release
"L2BacktestEngineTest.NativeLatencyDelayedOrderFills" start time: Apr 28 21:30 MSK
Output:
----------------------------------------------------------
Running main() from /Users/danilamalafeev/Documents/New project/build-release/_deps/googletest-src/googletest/src/gtest_main.cc
Note: Google Test filter = L2BacktestEngineTest.NativeLatencyDelayedOrderFills
[==========] Running 1 test from 1 test suite.
[----------] Global test environment set-up.
[----------] 1 test from L2BacktestEngineTest
[ RUN      ] L2BacktestEngineTest.NativeLatencyDelayedOrderFills
[       OK ] L2BacktestEngineTest.NativeLatencyDelayedOrderFills (0 ms)
[----------] 1 test from L2BacktestEngineTest (0 ms total)

[----------] Global test environment tear-down
[==========] 1 test from 1 test suite ran. (1 ms total)
[  PASSED  ] 1 test.
<end of output>
Test time =   0.01 sec
----------------------------------------------------------
Test Passed.
"L2BacktestEngineTest.NativeLatencyDelayedOrderFills" end time: Apr 28 21:30 MSK
"L2BacktestEngineTest.NativeLatencyDelayedOrderFills" time elapsed: 00:00:00
----------------------------------------------------------

34/42 Testing: L2BacktestEngineTest.RecordsFeatureRowsForMlExports
34/42 Test: L2BacktestEngineTest.RecordsFeatureRowsForMlExports
Command: "/Users/danilamalafeev/Documents/New project/build-release/lob_tests" "--gtest_filter=L2BacktestEngineTest.RecordsFeatureRowsForMlExports" "--gtest_also_run_disabled_tests"
Directory: /Users/danilamalafeev/Documents/New project/build-release
"L2BacktestEngineTest.RecordsFeatureRowsForMlExports" start time: Apr 28 21:30 MSK
Output:
----------------------------------------------------------
Running main() from /Users/danilamalafeev/Documents/New project/build-release/_deps/googletest-src/googletest/src/gtest_main.cc
Note: Google Test filter = L2BacktestEngineTest.RecordsFeatureRowsForMlExports
[==========] Running 1 test from 1 test suite.
[----------] Global test environment set-up.
[----------] 1 test from L2BacktestEngineTest
[ RUN      ] L2BacktestEngineTest.RecordsFeatureRowsForMlExports
[       OK ] L2BacktestEngineTest.RecordsFeatureRowsForMlExports (1 ms)
[----------] 1 test from L2BacktestEngineTest (1 ms total)

[----------] Global test environment tear-down
[==========] 1 test from 1 test suite ran. (1 ms total)
[  PASSED  ] 1 test.
<end of output>
Test time =   0.01 sec
----------------------------------------------------------
Test Passed.
"L2BacktestEngineTest.RecordsFeatureRowsForMlExports" end time: Apr 28 21:30 MSK
"L2BacktestEngineTest.RecordsFeatureRowsForMlExports" time elapsed: 00:00:00
----------------------------------------------------------

35/42 Testing: EventMergerTest.MergesSmallStreamSetWithFastPath
35/42 Test: EventMergerTest.MergesSmallStreamSetWithFastPath
Command: "/Users/danilamalafeev/Documents/New project/build-release/lob_tests" "--gtest_filter=EventMergerTest.MergesSmallStreamSetWithFastPath" "--gtest_also_run_disabled_tests"
Directory: /Users/danilamalafeev/Documents/New project/build-release
"EventMergerTest.MergesSmallStreamSetWithFastPath" start time: Apr 28 21:30 MSK
Output:
----------------------------------------------------------
Running main() from /Users/danilamalafeev/Documents/New project/build-release/_deps/googletest-src/googletest/src/gtest_main.cc
Note: Google Test filter = EventMergerTest.MergesSmallStreamSetWithFastPath
[==========] Running 1 test from 1 test suite.
[----------] Global test environment set-up.
[----------] 1 test from EventMergerTest
[ RUN      ] EventMergerTest.MergesSmallStreamSetWithFastPath
[       OK ] EventMergerTest.MergesSmallStreamSetWithFastPath (0 ms)
[----------] 1 test from EventMergerTest (0 ms total)

[----------] Global test environment tear-down
[==========] 1 test from 1 test suite ran. (0 ms total)
[  PASSED  ] 1 test.
<end of output>
Test time =   0.01 sec
----------------------------------------------------------
Test Passed.
"EventMergerTest.MergesSmallStreamSetWithFastPath" end time: Apr 28 21:30 MSK
"EventMergerTest.MergesSmallStreamSetWithFastPath" time elapsed: 00:00:00
----------------------------------------------------------

36/42 Testing: EventMergerTest.MergesLargeStreamSetWithHeapPath
36/42 Test: EventMergerTest.MergesLargeStreamSetWithHeapPath
Command: "/Users/danilamalafeev/Documents/New project/build-release/lob_tests" "--gtest_filter=EventMergerTest.MergesLargeStreamSetWithHeapPath" "--gtest_also_run_disabled_tests"
Directory: /Users/danilamalafeev/Documents/New project/build-release
"EventMergerTest.MergesLargeStreamSetWithHeapPath" start time: Apr 28 21:30 MSK
Output:
----------------------------------------------------------
Running main() from /Users/danilamalafeev/Documents/New project/build-release/_deps/googletest-src/googletest/src/gtest_main.cc
Note: Google Test filter = EventMergerTest.MergesLargeStreamSetWithHeapPath
[==========] Running 1 test from 1 test suite.
[----------] Global test environment set-up.
[----------] 1 test from EventMergerTest
[ RUN      ] EventMergerTest.MergesLargeStreamSetWithHeapPath
[       OK ] EventMergerTest.MergesLargeStreamSetWithHeapPath (0 ms)
[----------] 1 test from EventMergerTest (0 ms total)

[----------] Global test environment tear-down
[==========] 1 test from 1 test suite ran. (0 ms total)
[  PASSED  ] 1 test.
<end of output>
Test time =   0.01 sec
----------------------------------------------------------
Test Passed.
"EventMergerTest.MergesLargeStreamSetWithHeapPath" end time: Apr 28 21:30 MSK
"EventMergerTest.MergesLargeStreamSetWithHeapPath" time elapsed: 00:00:00
----------------------------------------------------------

37/42 Testing: MultiAssetBacktestEngineTest.RoutesMergedEventsToAssetBooksAndStrategy
37/42 Test: MultiAssetBacktestEngineTest.RoutesMergedEventsToAssetBooksAndStrategy
Command: "/Users/danilamalafeev/Documents/New project/build-release/lob_tests" "--gtest_filter=MultiAssetBacktestEngineTest.RoutesMergedEventsToAssetBooksAndStrategy" "--gtest_also_run_disabled_tests"
Directory: /Users/danilamalafeev/Documents/New project/build-release
"MultiAssetBacktestEngineTest.RoutesMergedEventsToAssetBooksAndStrategy" start time: Apr 28 21:30 MSK
Output:
----------------------------------------------------------
Running main() from /Users/danilamalafeev/Documents/New project/build-release/_deps/googletest-src/googletest/src/gtest_main.cc
Note: Google Test filter = MultiAssetBacktestEngineTest.RoutesMergedEventsToAssetBooksAndStrategy
[==========] Running 1 test from 1 test suite.
[----------] Global test environment set-up.
[----------] 1 test from MultiAssetBacktestEngineTest
[ RUN      ] MultiAssetBacktestEngineTest.RoutesMergedEventsToAssetBooksAndStrategy
[       OK ] MultiAssetBacktestEngineTest.RoutesMergedEventsToAssetBooksAndStrategy (1 ms)
[----------] 1 test from MultiAssetBacktestEngineTest (1 ms total)

[----------] Global test environment tear-down
[==========] 1 test from 1 test suite ran. (1 ms total)
[  PASSED  ] 1 test.
<end of output>
Test time =   0.01 sec
----------------------------------------------------------
Test Passed.
"MultiAssetBacktestEngineTest.RoutesMergedEventsToAssetBooksAndStrategy" end time: Apr 28 21:30 MSK
"MultiAssetBacktestEngineTest.RoutesMergedEventsToAssetBooksAndStrategy" time elapsed: 00:00:00
----------------------------------------------------------

38/42 Testing: GraphArbitrageEngineTest.DetectsAndExecutesNegativeCycleThroughL2OrderBook
38/42 Test: GraphArbitrageEngineTest.DetectsAndExecutesNegativeCycleThroughL2OrderBook
Command: "/Users/danilamalafeev/Documents/New project/build-release/lob_tests" "--gtest_filter=GraphArbitrageEngineTest.DetectsAndExecutesNegativeCycleThroughL2OrderBook" "--gtest_also_run_disabled_tests"
Directory: /Users/danilamalafeev/Documents/New project/build-release
"GraphArbitrageEngineTest.DetectsAndExecutesNegativeCycleThroughL2OrderBook" start time: Apr 28 21:30 MSK
Output:
----------------------------------------------------------
Running main() from /Users/danilamalafeev/Documents/New project/build-release/_deps/googletest-src/googletest/src/gtest_main.cc
Note: Google Test filter = GraphArbitrageEngineTest.DetectsAndExecutesNegativeCycleThroughL2OrderBook
[==========] Running 1 test from 1 test suite.
[----------] Global test environment set-up.
[----------] 1 test from GraphArbitrageEngineTest
[ RUN      ] GraphArbitrageEngineTest.DetectsAndExecutesNegativeCycleThroughL2OrderBook
[       OK ] GraphArbitrageEngineTest.DetectsAndExecutesNegativeCycleThroughL2OrderBook (3 ms)
[----------] 1 test from GraphArbitrageEngineTest (3 ms total)

[----------] Global test environment tear-down
[==========] 1 test from 1 test suite ran. (4 ms total)
[  PASSED  ] 1 test.
<end of output>
Test time =   0.01 sec
----------------------------------------------------------
Test Passed.
"GraphArbitrageEngineTest.DetectsAndExecutesNegativeCycleThroughL2OrderBook" end time: Apr 28 21:30 MSK
"GraphArbitrageEngineTest.DetectsAndExecutesNegativeCycleThroughL2OrderBook" time elapsed: 00:00:00
----------------------------------------------------------

39/42 Testing: GraphArbitrageEngineTest.MaxBookLevelsPerSideCapsDepthUsedByGraph
39/42 Test: GraphArbitrageEngineTest.MaxBookLevelsPerSideCapsDepthUsedByGraph
Command: "/Users/danilamalafeev/Documents/New project/build-release/lob_tests" "--gtest_filter=GraphArbitrageEngineTest.MaxBookLevelsPerSideCapsDepthUsedByGraph" "--gtest_also_run_disabled_tests"
Directory: /Users/danilamalafeev/Documents/New project/build-release
"GraphArbitrageEngineTest.MaxBookLevelsPerSideCapsDepthUsedByGraph" start time: Apr 28 21:30 MSK
Output:
----------------------------------------------------------
Running main() from /Users/danilamalafeev/Documents/New project/build-release/_deps/googletest-src/googletest/src/gtest_main.cc
Note: Google Test filter = GraphArbitrageEngineTest.MaxBookLevelsPerSideCapsDepthUsedByGraph
[==========] Running 1 test from 1 test suite.
[----------] Global test environment set-up.
[----------] 1 test from GraphArbitrageEngineTest
[ RUN      ] GraphArbitrageEngineTest.MaxBookLevelsPerSideCapsDepthUsedByGraph
[       OK ] GraphArbitrageEngineTest.MaxBookLevelsPerSideCapsDepthUsedByGraph (5 ms)
[----------] 1 test from GraphArbitrageEngineTest (5 ms total)

[----------] Global test environment tear-down
[==========] 1 test from 1 test suite ran. (5 ms total)
[  PASSED  ] 1 test.
<end of output>
Test time =   0.01 sec
----------------------------------------------------------
Test Passed.
"GraphArbitrageEngineTest.MaxBookLevelsPerSideCapsDepthUsedByGraph" end time: Apr 28 21:30 MSK
"GraphArbitrageEngineTest.MaxBookLevelsPerSideCapsDepthUsedByGraph" time elapsed: 00:00:00
----------------------------------------------------------

40/42 Testing: GraphArbitrageEngineTest.SparseLookupEngineMatchesDenseEngineOnL2Scenario
40/42 Test: GraphArbitrageEngineTest.SparseLookupEngineMatchesDenseEngineOnL2Scenario
Command: "/Users/danilamalafeev/Documents/New project/build-release/lob_tests" "--gtest_filter=GraphArbitrageEngineTest.SparseLookupEngineMatchesDenseEngineOnL2Scenario" "--gtest_also_run_disabled_tests"
Directory: /Users/danilamalafeev/Documents/New project/build-release
"GraphArbitrageEngineTest.SparseLookupEngineMatchesDenseEngineOnL2Scenario" start time: Apr 28 21:30 MSK
Output:
----------------------------------------------------------
Running main() from /Users/danilamalafeev/Documents/New project/build-release/_deps/googletest-src/googletest/src/gtest_main.cc
Note: Google Test filter = GraphArbitrageEngineTest.SparseLookupEngineMatchesDenseEngineOnL2Scenario
[==========] Running 1 test from 1 test suite.
[----------] Global test environment set-up.
[----------] 1 test from GraphArbitrageEngineTest
[ RUN      ] GraphArbitrageEngineTest.SparseLookupEngineMatchesDenseEngineOnL2Scenario
[       OK ] GraphArbitrageEngineTest.SparseLookupEngineMatchesDenseEngineOnL2Scenario (11 ms)
[----------] 1 test from GraphArbitrageEngineTest (11 ms total)

[----------] Global test environment tear-down
[==========] 1 test from 1 test suite ran. (11 ms total)
[  PASSED  ] 1 test.
<end of output>
Test time =   0.02 sec
----------------------------------------------------------
Test Passed.
"GraphArbitrageEngineTest.SparseLookupEngineMatchesDenseEngineOnL2Scenario" end time: Apr 28 21:30 MSK
"GraphArbitrageEngineTest.SparseLookupEngineMatchesDenseEngineOnL2Scenario" time elapsed: 00:00:00
----------------------------------------------------------

41/42 Testing: GraphArbitrageEngineTest.DetectsCompletedCycleRegardlessOfL2UpdateOrder
41/42 Test: GraphArbitrageEngineTest.DetectsCompletedCycleRegardlessOfL2UpdateOrder
Command: "/Users/danilamalafeev/Documents/New project/build-release/lob_tests" "--gtest_filter=GraphArbitrageEngineTest.DetectsCompletedCycleRegardlessOfL2UpdateOrder" "--gtest_also_run_disabled_tests"
Directory: /Users/danilamalafeev/Documents/New project/build-release
"GraphArbitrageEngineTest.DetectsCompletedCycleRegardlessOfL2UpdateOrder" start time: Apr 28 21:30 MSK
Output:
----------------------------------------------------------
Running main() from /Users/danilamalafeev/Documents/New project/build-release/_deps/googletest-src/googletest/src/gtest_main.cc
Note: Google Test filter = GraphArbitrageEngineTest.DetectsCompletedCycleRegardlessOfL2UpdateOrder
[==========] Running 1 test from 1 test suite.
[----------] Global test environment set-up.
[----------] 1 test from GraphArbitrageEngineTest
[ RUN      ] GraphArbitrageEngineTest.DetectsCompletedCycleRegardlessOfL2UpdateOrder
[       OK ] GraphArbitrageEngineTest.DetectsCompletedCycleRegardlessOfL2UpdateOrder (11 ms)
[----------] 1 test from GraphArbitrageEngineTest (12 ms total)

[----------] Global test environment tear-down
[==========] 1 test from 1 test suite ran. (12 ms total)
[  PASSED  ] 1 test.
<end of output>
Test time =   0.02 sec
----------------------------------------------------------
Test Passed.
"GraphArbitrageEngineTest.DetectsCompletedCycleRegardlessOfL2UpdateOrder" end time: Apr 28 21:30 MSK
"GraphArbitrageEngineTest.DetectsCompletedCycleRegardlessOfL2UpdateOrder" time elapsed: 00:00:00
----------------------------------------------------------

42/42 Testing: GraphArbitrageEngineTest.RevalidatesVisibleDepthAtPendingLegExecution
42/42 Test: GraphArbitrageEngineTest.RevalidatesVisibleDepthAtPendingLegExecution
Command: "/Users/danilamalafeev/Documents/New project/build-release/lob_tests" "--gtest_filter=GraphArbitrageEngineTest.RevalidatesVisibleDepthAtPendingLegExecution" "--gtest_also_run_disabled_tests"
Directory: /Users/danilamalafeev/Documents/New project/build-release
"GraphArbitrageEngineTest.RevalidatesVisibleDepthAtPendingLegExecution" start time: Apr 28 21:30 MSK
Output:
----------------------------------------------------------
Running main() from /Users/danilamalafeev/Documents/New project/build-release/_deps/googletest-src/googletest/src/gtest_main.cc
Note: Google Test filter = GraphArbitrageEngineTest.RevalidatesVisibleDepthAtPendingLegExecution
[==========] Running 1 test from 1 test suite.
[----------] Global test environment set-up.
[----------] 1 test from GraphArbitrageEngineTest
[ RUN      ] GraphArbitrageEngineTest.RevalidatesVisibleDepthAtPendingLegExecution
[       OK ] GraphArbitrageEngineTest.RevalidatesVisibleDepthAtPendingLegExecution (6 ms)
[----------] 1 test from GraphArbitrageEngineTest (6 ms total)

[----------] Global test environment tear-down
[==========] 1 test from 1 test suite ran. (6 ms total)
[  PASSED  ] 1 test.
<end of output>
Test time =   0.01 sec
----------------------------------------------------------
Test Passed.
"GraphArbitrageEngineTest.RevalidatesVisibleDepthAtPendingLegExecution" end time: Apr 28 21:30 MSK
"GraphArbitrageEngineTest.RevalidatesVisibleDepthAtPendingLegExecution" time elapsed: 00:00:00
----------------------------------------------------------

End testing: Apr 28 21:30 MSK
