Start testing: Apr 28 14:28 MSK
----------------------------------------------------------
1/30 Testing: OrderBookTest.InitializesSuccessfully
1/30 Test: OrderBookTest.InitializesSuccessfully
Command: "/Users/danilamalafeev/Documents/New project/build-release/lob_tests" "--gtest_filter=OrderBookTest.InitializesSuccessfully" "--gtest_also_run_disabled_tests"
Directory: /Users/danilamalafeev/Documents/New project/build-release
"OrderBookTest.InitializesSuccessfully" start time: Apr 28 14:28 MSK
Output:
----------------------------------------------------------
Running main() from /Users/danilamalafeev/Documents/New project/build-release/_deps/googletest-src/googletest/src/gtest_main.cc
Note: Google Test filter = OrderBookTest.InitializesSuccessfully
[==========] Running 1 test from 1 test suite.
[----------] Global test environment set-up.
[----------] 1 test from OrderBookTest
[ RUN      ] OrderBookTest.InitializesSuccessfully
[       OK ] OrderBookTest.InitializesSuccessfully (0 ms)
[----------] 1 test from OrderBookTest (0 ms total)

[----------] Global test environment tear-down
[==========] 1 test from 1 test suite ran. (0 ms total)
[  PASSED  ] 1 test.
<end of output>
Test time =   0.00 sec
----------------------------------------------------------
Test Passed.
"OrderBookTest.InitializesSuccessfully" end time: Apr 28 14:28 MSK
"OrderBookTest.InitializesSuccessfully" time elapsed: 00:00:00
----------------------------------------------------------

2/30 Testing: OrderBookTest.ProcessOrderRestsBuyOrderWhenBookDoesNotCross
2/30 Test: OrderBookTest.ProcessOrderRestsBuyOrderWhenBookDoesNotCross
Command: "/Users/danilamalafeev/Documents/New project/build-release/lob_tests" "--gtest_filter=OrderBookTest.ProcessOrderRestsBuyOrderWhenBookDoesNotCross" "--gtest_also_run_disabled_tests"
Directory: /Users/danilamalafeev/Documents/New project/build-release
"OrderBookTest.ProcessOrderRestsBuyOrderWhenBookDoesNotCross" start time: Apr 28 14:28 MSK
Output:
----------------------------------------------------------
Running main() from /Users/danilamalafeev/Documents/New project/build-release/_deps/googletest-src/googletest/src/gtest_main.cc
Note: Google Test filter = OrderBookTest.ProcessOrderRestsBuyOrderWhenBookDoesNotCross
[==========] Running 1 test from 1 test suite.
[----------] Global test environment set-up.
[----------] 1 test from OrderBookTest
[ RUN      ] OrderBookTest.ProcessOrderRestsBuyOrderWhenBookDoesNotCross
[       OK ] OrderBookTest.ProcessOrderRestsBuyOrderWhenBookDoesNotCross (0 ms)
[----------] 1 test from OrderBookTest (0 ms total)

[----------] Global test environment tear-down
[==========] 1 test from 1 test suite ran. (0 ms total)
[  PASSED  ] 1 test.
<end of output>
Test time =   0.00 sec
----------------------------------------------------------
Test Passed.
"OrderBookTest.ProcessOrderRestsBuyOrderWhenBookDoesNotCross" end time: Apr 28 14:28 MSK
"OrderBookTest.ProcessOrderRestsBuyOrderWhenBookDoesNotCross" time elapsed: 00:00:00
----------------------------------------------------------

3/30 Testing: OrderBookTest.ProcessOrderRestsSellOrderWhenBookDoesNotCross
3/30 Test: OrderBookTest.ProcessOrderRestsSellOrderWhenBookDoesNotCross
Command: "/Users/danilamalafeev/Documents/New project/build-release/lob_tests" "--gtest_filter=OrderBookTest.ProcessOrderRestsSellOrderWhenBookDoesNotCross" "--gtest_also_run_disabled_tests"
Directory: /Users/danilamalafeev/Documents/New project/build-release
"OrderBookTest.ProcessOrderRestsSellOrderWhenBookDoesNotCross" start time: Apr 28 14:28 MSK
Output:
----------------------------------------------------------
Running main() from /Users/danilamalafeev/Documents/New project/build-release/_deps/googletest-src/googletest/src/gtest_main.cc
Note: Google Test filter = OrderBookTest.ProcessOrderRestsSellOrderWhenBookDoesNotCross
[==========] Running 1 test from 1 test suite.
[----------] Global test environment set-up.
[----------] 1 test from OrderBookTest
[ RUN      ] OrderBookTest.ProcessOrderRestsSellOrderWhenBookDoesNotCross
[       OK ] OrderBookTest.ProcessOrderRestsSellOrderWhenBookDoesNotCross (0 ms)
[----------] 1 test from OrderBookTest (0 ms total)

[----------] Global test environment tear-down
[==========] 1 test from 1 test suite ran. (0 ms total)
[  PASSED  ] 1 test.
<end of output>
Test time =   0.00 sec
----------------------------------------------------------
Test Passed.
"OrderBookTest.ProcessOrderRestsSellOrderWhenBookDoesNotCross" end time: Apr 28 14:28 MSK
"OrderBookTest.ProcessOrderRestsSellOrderWhenBookDoesNotCross" time elapsed: 00:00:00
----------------------------------------------------------

4/30 Testing: OrderBookTest.ProcessOrderMatchesCrossSpreadUsingPriceTimePriority
4/30 Test: OrderBookTest.ProcessOrderMatchesCrossSpreadUsingPriceTimePriority
Command: "/Users/danilamalafeev/Documents/New project/build-release/lob_tests" "--gtest_filter=OrderBookTest.ProcessOrderMatchesCrossSpreadUsingPriceTimePriority" "--gtest_also_run_disabled_tests"
Directory: /Users/danilamalafeev/Documents/New project/build-release
"OrderBookTest.ProcessOrderMatchesCrossSpreadUsingPriceTimePriority" start time: Apr 28 14:28 MSK
Output:
----------------------------------------------------------
Running main() from /Users/danilamalafeev/Documents/New project/build-release/_deps/googletest-src/googletest/src/gtest_main.cc
Note: Google Test filter = OrderBookTest.ProcessOrderMatchesCrossSpreadUsingPriceTimePriority
[==========] Running 1 test from 1 test suite.
[----------] Global test environment set-up.
[----------] 1 test from OrderBookTest
[ RUN      ] OrderBookTest.ProcessOrderMatchesCrossSpreadUsingPriceTimePriority
[       OK ] OrderBookTest.ProcessOrderMatchesCrossSpreadUsingPriceTimePriority (0 ms)
[----------] 1 test from OrderBookTest (0 ms total)

[----------] Global test environment tear-down
[==========] 1 test from 1 test suite ran. (0 ms total)
[  PASSED  ] 1 test.
<end of output>
Test time =   0.00 sec
----------------------------------------------------------
Test Passed.
"OrderBookTest.ProcessOrderMatchesCrossSpreadUsingPriceTimePriority" end time: Apr 28 14:28 MSK
"OrderBookTest.ProcessOrderMatchesCrossSpreadUsingPriceTimePriority" time elapsed: 00:00:00
----------------------------------------------------------

5/30 Testing: OrderBookTest.ProcessOrderRestsResidualQuantityAfterPartialIncomingFill
5/30 Test: OrderBookTest.ProcessOrderRestsResidualQuantityAfterPartialIncomingFill
Command: "/Users/danilamalafeev/Documents/New project/build-release/lob_tests" "--gtest_filter=OrderBookTest.ProcessOrderRestsResidualQuantityAfterPartialIncomingFill" "--gtest_also_run_disabled_tests"
Directory: /Users/danilamalafeev/Documents/New project/build-release
"OrderBookTest.ProcessOrderRestsResidualQuantityAfterPartialIncomingFill" start time: Apr 28 14:28 MSK
Output:
----------------------------------------------------------
Running main() from /Users/danilamalafeev/Documents/New project/build-release/_deps/googletest-src/googletest/src/gtest_main.cc
Note: Google Test filter = OrderBookTest.ProcessOrderRestsResidualQuantityAfterPartialIncomingFill
[==========] Running 1 test from 1 test suite.
[----------] Global test environment set-up.
[----------] 1 test from OrderBookTest
[ RUN      ] OrderBookTest.ProcessOrderRestsResidualQuantityAfterPartialIncomingFill
[       OK ] OrderBookTest.ProcessOrderRestsResidualQuantityAfterPartialIncomingFill (0 ms)
[----------] 1 test from OrderBookTest (0 ms total)

[----------] Global test environment tear-down
[==========] 1 test from 1 test suite ran. (0 ms total)
[  PASSED  ] 1 test.
<end of output>
Test time =   0.00 sec
----------------------------------------------------------
Test Passed.
"OrderBookTest.ProcessOrderRestsResidualQuantityAfterPartialIncomingFill" end time: Apr 28 14:28 MSK
"OrderBookTest.ProcessOrderRestsResidualQuantityAfterPartialIncomingFill" time elapsed: 00:00:00
----------------------------------------------------------

6/30 Testing: OrderBookTest.CancelOrderRemovesEmptyBidPriceLevelAndIndexEntry
6/30 Test: OrderBookTest.CancelOrderRemovesEmptyBidPriceLevelAndIndexEntry
Command: "/Users/danilamalafeev/Documents/New project/build-release/lob_tests" "--gtest_filter=OrderBookTest.CancelOrderRemovesEmptyBidPriceLevelAndIndexEntry" "--gtest_also_run_disabled_tests"
Directory: /Users/danilamalafeev/Documents/New project/build-release
"OrderBookTest.CancelOrderRemovesEmptyBidPriceLevelAndIndexEntry" start time: Apr 28 14:28 MSK
Output:
----------------------------------------------------------
Running main() from /Users/danilamalafeev/Documents/New project/build-release/_deps/googletest-src/googletest/src/gtest_main.cc
Note: Google Test filter = OrderBookTest.CancelOrderRemovesEmptyBidPriceLevelAndIndexEntry
[==========] Running 1 test from 1 test suite.
[----------] Global test environment set-up.
[----------] 1 test from OrderBookTest
[ RUN      ] OrderBookTest.CancelOrderRemovesEmptyBidPriceLevelAndIndexEntry
[       OK ] OrderBookTest.CancelOrderRemovesEmptyBidPriceLevelAndIndexEntry (0 ms)
[----------] 1 test from OrderBookTest (0 ms total)

[----------] Global test environment tear-down
[==========] 1 test from 1 test suite ran. (0 ms total)
[  PASSED  ] 1 test.
<end of output>
Test time =   0.00 sec
----------------------------------------------------------
Test Passed.
"OrderBookTest.CancelOrderRemovesEmptyBidPriceLevelAndIndexEntry" end time: Apr 28 14:28 MSK
"OrderBookTest.CancelOrderRemovesEmptyBidPriceLevelAndIndexEntry" time elapsed: 00:00:00
----------------------------------------------------------

7/30 Testing: OrderBookTest.CancelOrderReturnsFalseForUnknownId
7/30 Test: OrderBookTest.CancelOrderReturnsFalseForUnknownId
Command: "/Users/danilamalafeev/Documents/New project/build-release/lob_tests" "--gtest_filter=OrderBookTest.CancelOrderReturnsFalseForUnknownId" "--gtest_also_run_disabled_tests"
Directory: /Users/danilamalafeev/Documents/New project/build-release
"OrderBookTest.CancelOrderReturnsFalseForUnknownId" start time: Apr 28 14:28 MSK
Output:
----------------------------------------------------------
Running main() from /Users/danilamalafeev/Documents/New project/build-release/_deps/googletest-src/googletest/src/gtest_main.cc
Note: Google Test filter = OrderBookTest.CancelOrderReturnsFalseForUnknownId
[==========] Running 1 test from 1 test suite.
[----------] Global test environment set-up.
[----------] 1 test from OrderBookTest
[ RUN      ] OrderBookTest.CancelOrderReturnsFalseForUnknownId
[       OK ] OrderBookTest.CancelOrderReturnsFalseForUnknownId (0 ms)
[----------] 1 test from OrderBookTest (0 ms total)

[----------] Global test environment tear-down
[==========] 1 test from 1 test suite ran. (0 ms total)
[  PASSED  ] 1 test.
<end of output>
Test time =   0.00 sec
----------------------------------------------------------
Test Passed.
"OrderBookTest.CancelOrderReturnsFalseForUnknownId" end time: Apr 28 14:28 MSK
"OrderBookTest.CancelOrderReturnsFalseForUnknownId" time elapsed: 00:00:00
----------------------------------------------------------

8/30 Testing: OrderBookTest.ExposesBestPricesAndL2Snapshot
8/30 Test: OrderBookTest.ExposesBestPricesAndL2Snapshot
Command: "/Users/danilamalafeev/Documents/New project/build-release/lob_tests" "--gtest_filter=OrderBookTest.ExposesBestPricesAndL2Snapshot" "--gtest_also_run_disabled_tests"
Directory: /Users/danilamalafeev/Documents/New project/build-release
"OrderBookTest.ExposesBestPricesAndL2Snapshot" start time: Apr 28 14:28 MSK
Output:
----------------------------------------------------------
Running main() from /Users/danilamalafeev/Documents/New project/build-release/_deps/googletest-src/googletest/src/gtest_main.cc
Note: Google Test filter = OrderBookTest.ExposesBestPricesAndL2Snapshot
[==========] Running 1 test from 1 test suite.
[----------] Global test environment set-up.
[----------] 1 test from OrderBookTest
[ RUN      ] OrderBookTest.ExposesBestPricesAndL2Snapshot
[       OK ] OrderBookTest.ExposesBestPricesAndL2Snapshot (0 ms)
[----------] 1 test from OrderBookTest (0 ms total)

[----------] Global test environment tear-down
[==========] 1 test from 1 test suite ran. (0 ms total)
[  PASSED  ] 1 test.
<end of output>
Test time =   0.00 sec
----------------------------------------------------------
Test Passed.
"OrderBookTest.ExposesBestPricesAndL2Snapshot" end time: Apr 28 14:28 MSK
"OrderBookTest.ExposesBestPricesAndL2Snapshot" time elapsed: 00:00:00
----------------------------------------------------------

9/30 Testing: L2OrderBookTest.MaintainsBidAndAskSortOrder
9/30 Test: L2OrderBookTest.MaintainsBidAndAskSortOrder
Command: "/Users/danilamalafeev/Documents/New project/build-release/lob_tests" "--gtest_filter=L2OrderBookTest.MaintainsBidAndAskSortOrder" "--gtest_also_run_disabled_tests"
Directory: /Users/danilamalafeev/Documents/New project/build-release
"L2OrderBookTest.MaintainsBidAndAskSortOrder" start time: Apr 28 14:28 MSK
Output:
----------------------------------------------------------
Running main() from /Users/danilamalafeev/Documents/New project/build-release/_deps/googletest-src/googletest/src/gtest_main.cc
Note: Google Test filter = L2OrderBookTest.MaintainsBidAndAskSortOrder
[==========] Running 1 test from 1 test suite.
[----------] Global test environment set-up.
[----------] 1 test from L2OrderBookTest
[ RUN      ] L2OrderBookTest.MaintainsBidAndAskSortOrder
[       OK ] L2OrderBookTest.MaintainsBidAndAskSortOrder (0 ms)
[----------] 1 test from L2OrderBookTest (0 ms total)

[----------] Global test environment tear-down
[==========] 1 test from 1 test suite ran. (0 ms total)
[  PASSED  ] 1 test.
<end of output>
Test time =   0.00 sec
----------------------------------------------------------
Test Passed.
"L2OrderBookTest.MaintainsBidAndAskSortOrder" end time: Apr 28 14:28 MSK
"L2OrderBookTest.MaintainsBidAndAskSortOrder" time elapsed: 00:00:00
----------------------------------------------------------

10/30 Testing: L2OrderBookTest.UpdatesAndRemovesLevels
10/30 Test: L2OrderBookTest.UpdatesAndRemovesLevels
Command: "/Users/danilamalafeev/Documents/New project/build-release/lob_tests" "--gtest_filter=L2OrderBookTest.UpdatesAndRemovesLevels" "--gtest_also_run_disabled_tests"
Directory: /Users/danilamalafeev/Documents/New project/build-release
"L2OrderBookTest.UpdatesAndRemovesLevels" start time: Apr 28 14:28 MSK
Output:
----------------------------------------------------------
Running main() from /Users/danilamalafeev/Documents/New project/build-release/_deps/googletest-src/googletest/src/gtest_main.cc
Note: Google Test filter = L2OrderBookTest.UpdatesAndRemovesLevels
[==========] Running 1 test from 1 test suite.
[----------] Global test environment set-up.
[----------] 1 test from L2OrderBookTest
[ RUN      ] L2OrderBookTest.UpdatesAndRemovesLevels
[       OK ] L2OrderBookTest.UpdatesAndRemovesLevels (0 ms)
[----------] 1 test from L2OrderBookTest (0 ms total)

[----------] Global test environment tear-down
[==========] 1 test from 1 test suite ran. (0 ms total)
[  PASSED  ] 1 test.
<end of output>
Test time =   0.00 sec
----------------------------------------------------------
Test Passed.
"L2OrderBookTest.UpdatesAndRemovesLevels" end time: Apr 28 14:28 MSK
"L2OrderBookTest.UpdatesAndRemovesLevels" time elapsed: 00:00:00
----------------------------------------------------------

11/30 Testing: L2OrderBookTest.AllowsSimulatedDepletionBeyondVisibleQuantityUntilFeedRefresh
11/30 Test: L2OrderBookTest.AllowsSimulatedDepletionBeyondVisibleQuantityUntilFeedRefresh
Command: "/Users/danilamalafeev/Documents/New project/build-release/lob_tests" "--gtest_filter=L2OrderBookTest.AllowsSimulatedDepletionBeyondVisibleQuantityUntilFeedRefresh" "--gtest_also_run_disabled_tests"
Directory: /Users/danilamalafeev/Documents/New project/build-release
"L2OrderBookTest.AllowsSimulatedDepletionBeyondVisibleQuantityUntilFeedRefresh" start time: Apr 28 14:28 MSK
Output:
----------------------------------------------------------
Running main() from /Users/danilamalafeev/Documents/New project/build-release/_deps/googletest-src/googletest/src/gtest_main.cc
Note: Google Test filter = L2OrderBookTest.AllowsSimulatedDepletionBeyondVisibleQuantityUntilFeedRefresh
[==========] Running 1 test from 1 test suite.
[----------] Global test environment set-up.
[----------] 1 test from L2OrderBookTest
[ RUN      ] L2OrderBookTest.AllowsSimulatedDepletionBeyondVisibleQuantityUntilFeedRefresh
[       OK ] L2OrderBookTest.AllowsSimulatedDepletionBeyondVisibleQuantityUntilFeedRefresh (0 ms)
[----------] 1 test from L2OrderBookTest (0 ms total)

[----------] Global test environment tear-down
[==========] 1 test from 1 test suite ran. (0 ms total)
[  PASSED  ] 1 test.
<end of output>
Test time =   0.00 sec
----------------------------------------------------------
Test Passed.
"L2OrderBookTest.AllowsSimulatedDepletionBeyondVisibleQuantityUntilFeedRefresh" end time: Apr 28 14:28 MSK
"L2OrderBookTest.AllowsSimulatedDepletionBeyondVisibleQuantityUntilFeedRefresh" time elapsed: 00:00:00
----------------------------------------------------------

12/30 Testing: L2OrderBookTest.EnforcesCapacityByDroppingDeepLevels
12/30 Test: L2OrderBookTest.EnforcesCapacityByDroppingDeepLevels
Command: "/Users/danilamalafeev/Documents/New project/build-release/lob_tests" "--gtest_filter=L2OrderBookTest.EnforcesCapacityByDroppingDeepLevels" "--gtest_also_run_disabled_tests"
Directory: /Users/danilamalafeev/Documents/New project/build-release
"L2OrderBookTest.EnforcesCapacityByDroppingDeepLevels" start time: Apr 28 14:28 MSK
Output:
----------------------------------------------------------
Running main() from /Users/danilamalafeev/Documents/New project/build-release/_deps/googletest-src/googletest/src/gtest_main.cc
Note: Google Test filter = L2OrderBookTest.EnforcesCapacityByDroppingDeepLevels
[==========] Running 1 test from 1 test suite.
[----------] Global test environment set-up.
[----------] 1 test from L2OrderBookTest
[ RUN      ] L2OrderBookTest.EnforcesCapacityByDroppingDeepLevels
[       OK ] L2OrderBookTest.EnforcesCapacityByDroppingDeepLevels (0 ms)
[----------] 1 test from L2OrderBookTest (0 ms total)

[----------] Global test environment tear-down
[==========] 1 test from 1 test suite ran. (0 ms total)
[  PASSED  ] 1 test.
<end of output>
Test time =   0.00 sec
----------------------------------------------------------
Test Passed.
"L2OrderBookTest.EnforcesCapacityByDroppingDeepLevels" end time: Apr 28 14:28 MSK
"L2OrderBookTest.EnforcesCapacityByDroppingDeepLevels" time elapsed: 00:00:00
----------------------------------------------------------

13/30 Testing: L2OrderBookTest.AppliesSnapshotByClearingBothSides
13/30 Test: L2OrderBookTest.AppliesSnapshotByClearingBothSides
Command: "/Users/danilamalafeev/Documents/New project/build-release/lob_tests" "--gtest_filter=L2OrderBookTest.AppliesSnapshotByClearingBothSides" "--gtest_also_run_disabled_tests"
Directory: /Users/danilamalafeev/Documents/New project/build-release
"L2OrderBookTest.AppliesSnapshotByClearingBothSides" start time: Apr 28 14:28 MSK
Output:
----------------------------------------------------------
Running main() from /Users/danilamalafeev/Documents/New project/build-release/_deps/googletest-src/googletest/src/gtest_main.cc
Note: Google Test filter = L2OrderBookTest.AppliesSnapshotByClearingBothSides
[==========] Running 1 test from 1 test suite.
[----------] Global test environment set-up.
[----------] 1 test from L2OrderBookTest
[ RUN      ] L2OrderBookTest.AppliesSnapshotByClearingBothSides
[       OK ] L2OrderBookTest.AppliesSnapshotByClearingBothSides (0 ms)
[----------] 1 test from L2OrderBookTest (0 ms total)

[----------] Global test environment tear-down
[==========] 1 test from 1 test suite ran. (0 ms total)
[  PASSED  ] 1 test.
<end of output>
Test time =   0.00 sec
----------------------------------------------------------
Test Passed.
"L2OrderBookTest.AppliesSnapshotByClearingBothSides" end time: Apr 28 14:28 MSK
"L2OrderBookTest.AppliesSnapshotByClearingBothSides" time elapsed: 00:00:00
----------------------------------------------------------

14/30 Testing: L2OrderBookTest.RemovesLevelsNotPresentInSnapshotWithoutClearingRetainedDepletion
14/30 Test: L2OrderBookTest.RemovesLevelsNotPresentInSnapshotWithoutClearingRetainedDepletion
Command: "/Users/danilamalafeev/Documents/New project/build-release/lob_tests" "--gtest_filter=L2OrderBookTest.RemovesLevelsNotPresentInSnapshotWithoutClearingRetainedDepletion" "--gtest_also_run_disabled_tests"
Directory: /Users/danilamalafeev/Documents/New project/build-release
"L2OrderBookTest.RemovesLevelsNotPresentInSnapshotWithoutClearingRetainedDepletion" start time: Apr 28 14:28 MSK
Output:
----------------------------------------------------------
Running main() from /Users/danilamalafeev/Documents/New project/build-release/_deps/googletest-src/googletest/src/gtest_main.cc
Note: Google Test filter = L2OrderBookTest.RemovesLevelsNotPresentInSnapshotWithoutClearingRetainedDepletion
[==========] Running 1 test from 1 test suite.
[----------] Global test environment set-up.
[----------] 1 test from L2OrderBookTest
[ RUN      ] L2OrderBookTest.RemovesLevelsNotPresentInSnapshotWithoutClearingRetainedDepletion
[       OK ] L2OrderBookTest.RemovesLevelsNotPresentInSnapshotWithoutClearingRetainedDepletion (0 ms)
[----------] 1 test from L2OrderBookTest (0 ms total)

[----------] Global test environment tear-down
[==========] 1 test from 1 test suite ran. (0 ms total)
[  PASSED  ] 1 test.
<end of output>
Test time =   0.00 sec
----------------------------------------------------------
Test Passed.
"L2OrderBookTest.RemovesLevelsNotPresentInSnapshotWithoutClearingRetainedDepletion" end time: Apr 28 14:28 MSK
"L2OrderBookTest.RemovesLevelsNotPresentInSnapshotWithoutClearingRetainedDepletion" time elapsed: 00:00:00
----------------------------------------------------------

15/30 Testing: DynamicWalletTest.TracksReservedAndFreeBalances
15/30 Test: DynamicWalletTest.TracksReservedAndFreeBalances
Command: "/Users/danilamalafeev/Documents/New project/build-release/lob_tests" "--gtest_filter=DynamicWalletTest.TracksReservedAndFreeBalances" "--gtest_also_run_disabled_tests"
Directory: /Users/danilamalafeev/Documents/New project/build-release
"DynamicWalletTest.TracksReservedAndFreeBalances" start time: Apr 28 14:28 MSK
Output:
----------------------------------------------------------
Running main() from /Users/danilamalafeev/Documents/New project/build-release/_deps/googletest-src/googletest/src/gtest_main.cc
Note: Google Test filter = DynamicWalletTest.TracksReservedAndFreeBalances
[==========] Running 1 test from 1 test suite.
[----------] Global test environment set-up.
[----------] 1 test from DynamicWalletTest
[ RUN      ] DynamicWalletTest.TracksReservedAndFreeBalances
[       OK ] DynamicWalletTest.TracksReservedAndFreeBalances (0 ms)
[----------] 1 test from DynamicWalletTest (0 ms total)

[----------] Global test environment tear-down
[==========] 1 test from 1 test suite ran. (0 ms total)
[  PASSED  ] 1 test.
<end of output>
Test time =   0.00 sec
----------------------------------------------------------
Test Passed.
"DynamicWalletTest.TracksReservedAndFreeBalances" end time: Apr 28 14:28 MSK
"DynamicWalletTest.TracksReservedAndFreeBalances" time elapsed: 00:00:00
----------------------------------------------------------

16/30 Testing: AnalyticsTest.ComputesPnlAndDrawdownFromEquityCurve
16/30 Test: AnalyticsTest.ComputesPnlAndDrawdownFromEquityCurve
Command: "/Users/danilamalafeev/Documents/New project/build-release/lob_tests" "--gtest_filter=AnalyticsTest.ComputesPnlAndDrawdownFromEquityCurve" "--gtest_also_run_disabled_tests"
Directory: /Users/danilamalafeev/Documents/New project/build-release
"AnalyticsTest.ComputesPnlAndDrawdownFromEquityCurve" start time: Apr 28 14:28 MSK
Output:
----------------------------------------------------------
Running main() from /Users/danilamalafeev/Documents/New project/build-release/_deps/googletest-src/googletest/src/gtest_main.cc
Note: Google Test filter = AnalyticsTest.ComputesPnlAndDrawdownFromEquityCurve
[==========] Running 1 test from 1 test suite.
[----------] Global test environment set-up.
[----------] 1 test from AnalyticsTest
[ RUN      ] AnalyticsTest.ComputesPnlAndDrawdownFromEquityCurve
[       OK ] AnalyticsTest.ComputesPnlAndDrawdownFromEquityCurve (0 ms)
[----------] 1 test from AnalyticsTest (0 ms total)

[----------] Global test environment tear-down
[==========] 1 test from 1 test suite ran. (0 ms total)
[  PASSED  ] 1 test.
<end of output>
Test time =   0.00 sec
----------------------------------------------------------
Test Passed.
"AnalyticsTest.ComputesPnlAndDrawdownFromEquityCurve" end time: Apr 28 14:28 MSK
"AnalyticsTest.ComputesPnlAndDrawdownFromEquityCurve" time elapsed: 00:00:00
----------------------------------------------------------

17/30 Testing: CsvParserTest.StreamsMmapEventsWithOneEventLookahead
17/30 Test: CsvParserTest.StreamsMmapEventsWithOneEventLookahead
Command: "/Users/danilamalafeev/Documents/New project/build-release/lob_tests" "--gtest_filter=CsvParserTest.StreamsMmapEventsWithOneEventLookahead" "--gtest_also_run_disabled_tests"
Directory: /Users/danilamalafeev/Documents/New project/build-release
"CsvParserTest.StreamsMmapEventsWithOneEventLookahead" start time: Apr 28 14:28 MSK
Output:
----------------------------------------------------------
Running main() from /Users/danilamalafeev/Documents/New project/build-release/_deps/googletest-src/googletest/src/gtest_main.cc
Note: Google Test filter = CsvParserTest.StreamsMmapEventsWithOneEventLookahead
[==========] Running 1 test from 1 test suite.
[----------] Global test environment set-up.
[----------] 1 test from CsvParserTest
[ RUN      ] CsvParserTest.StreamsMmapEventsWithOneEventLookahead
[       OK ] CsvParserTest.StreamsMmapEventsWithOneEventLookahead (0 ms)
[----------] 1 test from CsvParserTest (0 ms total)

[----------] Global test environment tear-down
[==========] 1 test from 1 test suite ran. (0 ms total)
[  PASSED  ] 1 test.
<end of output>
Test time =   0.00 sec
----------------------------------------------------------
Test Passed.
"CsvParserTest.StreamsMmapEventsWithOneEventLookahead" end time: Apr 28 14:28 MSK
"CsvParserTest.StreamsMmapEventsWithOneEventLookahead" time elapsed: 00:00:00
----------------------------------------------------------

18/30 Testing: L2Depth5CsvParserTest.StreamsDepth5RowsAndBackfillsBboRows
18/30 Test: L2Depth5CsvParserTest.StreamsDepth5RowsAndBackfillsBboRows
Command: "/Users/danilamalafeev/Documents/New project/build-release/lob_tests" "--gtest_filter=L2Depth5CsvParserTest.StreamsDepth5RowsAndBackfillsBboRows" "--gtest_also_run_disabled_tests"
Directory: /Users/danilamalafeev/Documents/New project/build-release
"L2Depth5CsvParserTest.StreamsDepth5RowsAndBackfillsBboRows" start time: Apr 28 14:28 MSK
Output:
----------------------------------------------------------
Running main() from /Users/danilamalafeev/Documents/New project/build-release/_deps/googletest-src/googletest/src/gtest_main.cc
Note: Google Test filter = L2Depth5CsvParserTest.StreamsDepth5RowsAndBackfillsBboRows
[==========] Running 1 test from 1 test suite.
[----------] Global test environment set-up.
[----------] 1 test from L2Depth5CsvParserTest
[ RUN      ] L2Depth5CsvParserTest.StreamsDepth5RowsAndBackfillsBboRows
[       OK ] L2Depth5CsvParserTest.StreamsDepth5RowsAndBackfillsBboRows (0 ms)
[----------] 1 test from L2Depth5CsvParserTest (0 ms total)

[----------] Global test environment tear-down
[==========] 1 test from 1 test suite ran. (0 ms total)
[  PASSED  ] 1 test.
<end of output>
Test time =   0.00 sec
----------------------------------------------------------
Test Passed.
"L2Depth5CsvParserTest.StreamsDepth5RowsAndBackfillsBboRows" end time: Apr 28 14:28 MSK
"L2Depth5CsvParserTest.StreamsDepth5RowsAndBackfillsBboRows" time elapsed: 00:00:00
----------------------------------------------------------

19/30 Testing: L2UpdateCsvParserTest.StreamsRawL2UpdatesAndBooleanFormats
19/30 Test: L2UpdateCsvParserTest.StreamsRawL2UpdatesAndBooleanFormats
Command: "/Users/danilamalafeev/Documents/New project/build-release/lob_tests" "--gtest_filter=L2UpdateCsvParserTest.StreamsRawL2UpdatesAndBooleanFormats" "--gtest_also_run_disabled_tests"
Directory: /Users/danilamalafeev/Documents/New project/build-release
"L2UpdateCsvParserTest.StreamsRawL2UpdatesAndBooleanFormats" start time: Apr 28 14:28 MSK
Output:
----------------------------------------------------------
Running main() from /Users/danilamalafeev/Documents/New project/build-release/_deps/googletest-src/googletest/src/gtest_main.cc
Note: Google Test filter = L2UpdateCsvParserTest.StreamsRawL2UpdatesAndBooleanFormats
[==========] Running 1 test from 1 test suite.
[----------] Global test environment set-up.
[----------] 1 test from L2UpdateCsvParserTest
[ RUN      ] L2UpdateCsvParserTest.StreamsRawL2UpdatesAndBooleanFormats
[       OK ] L2UpdateCsvParserTest.StreamsRawL2UpdatesAndBooleanFormats (0 ms)
[----------] 1 test from L2UpdateCsvParserTest (0 ms total)

[----------] Global test environment tear-down
[==========] 1 test from 1 test suite ran. (0 ms total)
[  PASSED  ] 1 test.
<end of output>
Test time =   0.00 sec
----------------------------------------------------------
Test Passed.
"L2UpdateCsvParserTest.StreamsRawL2UpdatesAndBooleanFormats" end time: Apr 28 14:28 MSK
"L2UpdateCsvParserTest.StreamsRawL2UpdatesAndBooleanFormats" time elapsed: 00:00:00
----------------------------------------------------------

20/30 Testing: VenueReplayTest.RejectsSequenceGapsAndReorderingPerProduct
20/30 Test: VenueReplayTest.RejectsSequenceGapsAndReorderingPerProduct
Command: "/Users/danilamalafeev/Documents/New project/build-release/lob_tests" "--gtest_filter=VenueReplayTest.RejectsSequenceGapsAndReorderingPerProduct" "--gtest_also_run_disabled_tests"
Directory: /Users/danilamalafeev/Documents/New project/build-release
"VenueReplayTest.RejectsSequenceGapsAndReorderingPerProduct" start time: Apr 28 14:28 MSK
Output:
----------------------------------------------------------
Running main() from /Users/danilamalafeev/Documents/New project/build-release/_deps/googletest-src/googletest/src/gtest_main.cc
Note: Google Test filter = VenueReplayTest.RejectsSequenceGapsAndReorderingPerProduct
[==========] Running 1 test from 1 test suite.
[----------] Global test environment set-up.
[----------] 1 test from VenueReplayTest
[ RUN      ] VenueReplayTest.RejectsSequenceGapsAndReorderingPerProduct
[       OK ] VenueReplayTest.RejectsSequenceGapsAndReorderingPerProduct (0 ms)
[----------] 1 test from VenueReplayTest (0 ms total)

[----------] Global test environment tear-down
[==========] 1 test from 1 test suite ran. (0 ms total)
[  PASSED  ] 1 test.
<end of output>
Test time =   0.00 sec
----------------------------------------------------------
Test Passed.
"VenueReplayTest.RejectsSequenceGapsAndReorderingPerProduct" end time: Apr 28 14:28 MSK
"VenueReplayTest.RejectsSequenceGapsAndReorderingPerProduct" time elapsed: 00:00:00
----------------------------------------------------------

21/30 Testing: VenueReplayTest.AcceptsNewSnapshotEpochForSameProduct
21/30 Test: VenueReplayTest.AcceptsNewSnapshotEpochForSameProduct
Command: "/Users/danilamalafeev/Documents/New project/build-release/lob_tests" "--gtest_filter=VenueReplayTest.AcceptsNewSnapshotEpochForSameProduct" "--gtest_also_run_disabled_tests"
Directory: /Users/danilamalafeev/Documents/New project/build-release
"VenueReplayTest.AcceptsNewSnapshotEpochForSameProduct" start time: Apr 28 14:28 MSK
Output:
----------------------------------------------------------
Running main() from /Users/danilamalafeev/Documents/New project/build-release/_deps/googletest-src/googletest/src/gtest_main.cc
Note: Google Test filter = VenueReplayTest.AcceptsNewSnapshotEpochForSameProduct
[==========] Running 1 test from 1 test suite.
[----------] Global test environment set-up.
[----------] 1 test from VenueReplayTest
[ RUN      ] VenueReplayTest.AcceptsNewSnapshotEpochForSameProduct
[       OK ] VenueReplayTest.AcceptsNewSnapshotEpochForSameProduct (0 ms)
[----------] 1 test from VenueReplayTest (0 ms total)

[----------] Global test environment tear-down
[==========] 1 test from 1 test suite ran. (0 ms total)
[  PASSED  ] 1 test.
<end of output>
Test time =   0.00 sec
----------------------------------------------------------
Test Passed.
"VenueReplayTest.AcceptsNewSnapshotEpochForSameProduct" end time: Apr 28 14:28 MSK
"VenueReplayTest.AcceptsNewSnapshotEpochForSameProduct" time elapsed: 00:00:00
----------------------------------------------------------

22/30 Testing: VenueManifestTest.DescribesVenueProductScalesAndCosts
22/30 Test: VenueManifestTest.DescribesVenueProductScalesAndCosts
Command: "/Users/danilamalafeev/Documents/New project/build-release/lob_tests" "--gtest_filter=VenueManifestTest.DescribesVenueProductScalesAndCosts" "--gtest_also_run_disabled_tests"
Directory: /Users/danilamalafeev/Documents/New project/build-release
"VenueManifestTest.DescribesVenueProductScalesAndCosts" start time: Apr 28 14:28 MSK
Output:
----------------------------------------------------------
Running main() from /Users/danilamalafeev/Documents/New project/build-release/_deps/googletest-src/googletest/src/gtest_main.cc
Note: Google Test filter = VenueManifestTest.DescribesVenueProductScalesAndCosts
[==========] Running 1 test from 1 test suite.
[----------] Global test environment set-up.
[----------] 1 test from VenueManifestTest
[ RUN      ] VenueManifestTest.DescribesVenueProductScalesAndCosts
[       OK ] VenueManifestTest.DescribesVenueProductScalesAndCosts (0 ms)
[----------] 1 test from VenueManifestTest (0 ms total)

[----------] Global test environment tear-down
[==========] 1 test from 1 test suite ran. (0 ms total)
[  PASSED  ] 1 test.
<end of output>
Test time =   0.00 sec
----------------------------------------------------------
Test Passed.
"VenueManifestTest.DescribesVenueProductScalesAndCosts" end time: Apr 28 14:28 MSK
"VenueManifestTest.DescribesVenueProductScalesAndCosts" time elapsed: 00:00:00
----------------------------------------------------------

23/30 Testing: EventMergerTest.MergesSmallStreamSetWithFastPath
23/30 Test: EventMergerTest.MergesSmallStreamSetWithFastPath
Command: "/Users/danilamalafeev/Documents/New project/build-release/lob_tests" "--gtest_filter=EventMergerTest.MergesSmallStreamSetWithFastPath" "--gtest_also_run_disabled_tests"
Directory: /Users/danilamalafeev/Documents/New project/build-release
"EventMergerTest.MergesSmallStreamSetWithFastPath" start time: Apr 28 14:28 MSK
Output:
----------------------------------------------------------
Running main() from /Users/danilamalafeev/Documents/New project/build-release/_deps/googletest-src/googletest/src/gtest_main.cc
Note: Google Test filter = EventMergerTest.MergesSmallStreamSetWithFastPath
[==========] Running 1 test from 1 test suite.
[----------] Global test environment set-up.
[----------] 1 test from EventMergerTest
[ RUN      ] EventMergerTest.MergesSmallStreamSetWithFastPath
[       OK ] EventMergerTest.MergesSmallStreamSetWithFastPath (0 ms)
[----------] 1 test from EventMergerTest (0 ms total)

[----------] Global test environment tear-down
[==========] 1 test from 1 test suite ran. (0 ms total)
[  PASSED  ] 1 test.
<end of output>
Test time =   0.00 sec
----------------------------------------------------------
Test Passed.
"EventMergerTest.MergesSmallStreamSetWithFastPath" end time: Apr 28 14:28 MSK
"EventMergerTest.MergesSmallStreamSetWithFastPath" time elapsed: 00:00:00
----------------------------------------------------------

24/30 Testing: EventMergerTest.MergesLargeStreamSetWithHeapPath
24/30 Test: EventMergerTest.MergesLargeStreamSetWithHeapPath
Command: "/Users/danilamalafeev/Documents/New project/build-release/lob_tests" "--gtest_filter=EventMergerTest.MergesLargeStreamSetWithHeapPath" "--gtest_also_run_disabled_tests"
Directory: /Users/danilamalafeev/Documents/New project/build-release
"EventMergerTest.MergesLargeStreamSetWithHeapPath" start time: Apr 28 14:28 MSK
Output:
----------------------------------------------------------
Running main() from /Users/danilamalafeev/Documents/New project/build-release/_deps/googletest-src/googletest/src/gtest_main.cc
Note: Google Test filter = EventMergerTest.MergesLargeStreamSetWithHeapPath
[==========] Running 1 test from 1 test suite.
[----------] Global test environment set-up.
[----------] 1 test from EventMergerTest
[ RUN      ] EventMergerTest.MergesLargeStreamSetWithHeapPath
[       OK ] EventMergerTest.MergesLargeStreamSetWithHeapPath (0 ms)
[----------] 1 test from EventMergerTest (0 ms total)

[----------] Global test environment tear-down
[==========] 1 test from 1 test suite ran. (0 ms total)
[  PASSED  ] 1 test.
<end of output>
Test time =   0.00 sec
----------------------------------------------------------
Test Passed.
"EventMergerTest.MergesLargeStreamSetWithHeapPath" end time: Apr 28 14:28 MSK
"EventMergerTest.MergesLargeStreamSetWithHeapPath" time elapsed: 00:00:00
----------------------------------------------------------

25/30 Testing: MultiAssetBacktestEngineTest.RoutesMergedEventsToAssetBooksAndStrategy
25/30 Test: MultiAssetBacktestEngineTest.RoutesMergedEventsToAssetBooksAndStrategy
Command: "/Users/danilamalafeev/Documents/New project/build-release/lob_tests" "--gtest_filter=MultiAssetBacktestEngineTest.RoutesMergedEventsToAssetBooksAndStrategy" "--gtest_also_run_disabled_tests"
Directory: /Users/danilamalafeev/Documents/New project/build-release
"MultiAssetBacktestEngineTest.RoutesMergedEventsToAssetBooksAndStrategy" start time: Apr 28 14:28 MSK
Output:
----------------------------------------------------------
Running main() from /Users/danilamalafeev/Documents/New project/build-release/_deps/googletest-src/googletest/src/gtest_main.cc
Note: Google Test filter = MultiAssetBacktestEngineTest.RoutesMergedEventsToAssetBooksAndStrategy
[==========] Running 1 test from 1 test suite.
[----------] Global test environment set-up.
[----------] 1 test from MultiAssetBacktestEngineTest
[ RUN      ] MultiAssetBacktestEngineTest.RoutesMergedEventsToAssetBooksAndStrategy
[       OK ] MultiAssetBacktestEngineTest.RoutesMergedEventsToAssetBooksAndStrategy (0 ms)
[----------] 1 test from MultiAssetBacktestEngineTest (0 ms total)

[----------] Global test environment tear-down
[==========] 1 test from 1 test suite ran. (0 ms total)
[  PASSED  ] 1 test.
<end of output>
Test time =   0.00 sec
----------------------------------------------------------
Test Passed.
"MultiAssetBacktestEngineTest.RoutesMergedEventsToAssetBooksAndStrategy" end time: Apr 28 14:28 MSK
"MultiAssetBacktestEngineTest.RoutesMergedEventsToAssetBooksAndStrategy" time elapsed: 00:00:00
----------------------------------------------------------

26/30 Testing: GraphArbitrageEngineTest.DetectsAndExecutesNegativeCycleThroughL2OrderBook
26/30 Test: GraphArbitrageEngineTest.DetectsAndExecutesNegativeCycleThroughL2OrderBook
Command: "/Users/danilamalafeev/Documents/New project/build-release/lob_tests" "--gtest_filter=GraphArbitrageEngineTest.DetectsAndExecutesNegativeCycleThroughL2OrderBook" "--gtest_also_run_disabled_tests"
Directory: /Users/danilamalafeev/Documents/New project/build-release
"GraphArbitrageEngineTest.DetectsAndExecutesNegativeCycleThroughL2OrderBook" start time: Apr 28 14:28 MSK
Output:
----------------------------------------------------------
Running main() from /Users/danilamalafeev/Documents/New project/build-release/_deps/googletest-src/googletest/src/gtest_main.cc
Note: Google Test filter = GraphArbitrageEngineTest.DetectsAndExecutesNegativeCycleThroughL2OrderBook
[==========] Running 1 test from 1 test suite.
[----------] Global test environment set-up.
[----------] 1 test from GraphArbitrageEngineTest
[ RUN      ] GraphArbitrageEngineTest.DetectsAndExecutesNegativeCycleThroughL2OrderBook
[       OK ] GraphArbitrageEngineTest.DetectsAndExecutesNegativeCycleThroughL2OrderBook (1 ms)
[----------] 1 test from GraphArbitrageEngineTest (1 ms total)

[----------] Global test environment tear-down
[==========] 1 test from 1 test suite ran. (1 ms total)
[  PASSED  ] 1 test.
<end of output>
Test time =   0.00 sec
----------------------------------------------------------
Test Passed.
"GraphArbitrageEngineTest.DetectsAndExecutesNegativeCycleThroughL2OrderBook" end time: Apr 28 14:28 MSK
"GraphArbitrageEngineTest.DetectsAndExecutesNegativeCycleThroughL2OrderBook" time elapsed: 00:00:00
----------------------------------------------------------

27/30 Testing: GraphArbitrageEngineTest.MaxBookLevelsPerSideCapsDepthUsedByGraph
27/30 Test: GraphArbitrageEngineTest.MaxBookLevelsPerSideCapsDepthUsedByGraph
Command: "/Users/danilamalafeev/Documents/New project/build-release/lob_tests" "--gtest_filter=GraphArbitrageEngineTest.MaxBookLevelsPerSideCapsDepthUsedByGraph" "--gtest_also_run_disabled_tests"
Directory: /Users/danilamalafeev/Documents/New project/build-release
"GraphArbitrageEngineTest.MaxBookLevelsPerSideCapsDepthUsedByGraph" start time: Apr 28 14:28 MSK
Output:
----------------------------------------------------------
Running main() from /Users/danilamalafeev/Documents/New project/build-release/_deps/googletest-src/googletest/src/gtest_main.cc
Note: Google Test filter = GraphArbitrageEngineTest.MaxBookLevelsPerSideCapsDepthUsedByGraph
[==========] Running 1 test from 1 test suite.
[----------] Global test environment set-up.
[----------] 1 test from GraphArbitrageEngineTest
[ RUN      ] GraphArbitrageEngineTest.MaxBookLevelsPerSideCapsDepthUsedByGraph
[       OK ] GraphArbitrageEngineTest.MaxBookLevelsPerSideCapsDepthUsedByGraph (2 ms)
[----------] 1 test from GraphArbitrageEngineTest (2 ms total)

[----------] Global test environment tear-down
[==========] 1 test from 1 test suite ran. (2 ms total)
[  PASSED  ] 1 test.
<end of output>
Test time =   0.01 sec
----------------------------------------------------------
Test Passed.
"GraphArbitrageEngineTest.MaxBookLevelsPerSideCapsDepthUsedByGraph" end time: Apr 28 14:28 MSK
"GraphArbitrageEngineTest.MaxBookLevelsPerSideCapsDepthUsedByGraph" time elapsed: 00:00:00
----------------------------------------------------------

28/30 Testing: GraphArbitrageEngineTest.SparseLookupEngineMatchesDenseEngineOnL2Scenario
28/30 Test: GraphArbitrageEngineTest.SparseLookupEngineMatchesDenseEngineOnL2Scenario
Command: "/Users/danilamalafeev/Documents/New project/build-release/lob_tests" "--gtest_filter=GraphArbitrageEngineTest.SparseLookupEngineMatchesDenseEngineOnL2Scenario" "--gtest_also_run_disabled_tests"
Directory: /Users/danilamalafeev/Documents/New project/build-release
"GraphArbitrageEngineTest.SparseLookupEngineMatchesDenseEngineOnL2Scenario" start time: Apr 28 14:28 MSK
Output:
----------------------------------------------------------
Running main() from /Users/danilamalafeev/Documents/New project/build-release/_deps/googletest-src/googletest/src/gtest_main.cc
Note: Google Test filter = GraphArbitrageEngineTest.SparseLookupEngineMatchesDenseEngineOnL2Scenario
[==========] Running 1 test from 1 test suite.
[----------] Global test environment set-up.
[----------] 1 test from GraphArbitrageEngineTest
[ RUN      ] GraphArbitrageEngineTest.SparseLookupEngineMatchesDenseEngineOnL2Scenario
[       OK ] GraphArbitrageEngineTest.SparseLookupEngineMatchesDenseEngineOnL2Scenario (3 ms)
[----------] 1 test from GraphArbitrageEngineTest (3 ms total)

[----------] Global test environment tear-down
[==========] 1 test from 1 test suite ran. (3 ms total)
[  PASSED  ] 1 test.
<end of output>
Test time =   0.01 sec
----------------------------------------------------------
Test Passed.
"GraphArbitrageEngineTest.SparseLookupEngineMatchesDenseEngineOnL2Scenario" end time: Apr 28 14:28 MSK
"GraphArbitrageEngineTest.SparseLookupEngineMatchesDenseEngineOnL2Scenario" time elapsed: 00:00:00
----------------------------------------------------------

29/30 Testing: GraphArbitrageEngineTest.DetectsCompletedCycleRegardlessOfL2UpdateOrder
29/30 Test: GraphArbitrageEngineTest.DetectsCompletedCycleRegardlessOfL2UpdateOrder
Command: "/Users/danilamalafeev/Documents/New project/build-release/lob_tests" "--gtest_filter=GraphArbitrageEngineTest.DetectsCompletedCycleRegardlessOfL2UpdateOrder" "--gtest_also_run_disabled_tests"
Directory: /Users/danilamalafeev/Documents/New project/build-release
"GraphArbitrageEngineTest.DetectsCompletedCycleRegardlessOfL2UpdateOrder" start time: Apr 28 14:28 MSK
Output:
----------------------------------------------------------
Running main() from /Users/danilamalafeev/Documents/New project/build-release/_deps/googletest-src/googletest/src/gtest_main.cc
Note: Google Test filter = GraphArbitrageEngineTest.DetectsCompletedCycleRegardlessOfL2UpdateOrder
[==========] Running 1 test from 1 test suite.
[----------] Global test environment set-up.
[----------] 1 test from GraphArbitrageEngineTest
[ RUN      ] GraphArbitrageEngineTest.DetectsCompletedCycleRegardlessOfL2UpdateOrder
[       OK ] GraphArbitrageEngineTest.DetectsCompletedCycleRegardlessOfL2UpdateOrder (3 ms)
[----------] 1 test from GraphArbitrageEngineTest (3 ms total)

[----------] Global test environment tear-down
[==========] 1 test from 1 test suite ran. (3 ms total)
[  PASSED  ] 1 test.
<end of output>
Test time =   0.01 sec
----------------------------------------------------------
Test Passed.
"GraphArbitrageEngineTest.DetectsCompletedCycleRegardlessOfL2UpdateOrder" end time: Apr 28 14:28 MSK
"GraphArbitrageEngineTest.DetectsCompletedCycleRegardlessOfL2UpdateOrder" time elapsed: 00:00:00
----------------------------------------------------------

30/30 Testing: GraphArbitrageEngineTest.RevalidatesVisibleDepthAtPendingLegExecution
30/30 Test: GraphArbitrageEngineTest.RevalidatesVisibleDepthAtPendingLegExecution
Command: "/Users/danilamalafeev/Documents/New project/build-release/lob_tests" "--gtest_filter=GraphArbitrageEngineTest.RevalidatesVisibleDepthAtPendingLegExecution" "--gtest_also_run_disabled_tests"
Directory: /Users/danilamalafeev/Documents/New project/build-release
"GraphArbitrageEngineTest.RevalidatesVisibleDepthAtPendingLegExecution" start time: Apr 28 14:28 MSK
Output:
----------------------------------------------------------
Running main() from /Users/danilamalafeev/Documents/New project/build-release/_deps/googletest-src/googletest/src/gtest_main.cc
Note: Google Test filter = GraphArbitrageEngineTest.RevalidatesVisibleDepthAtPendingLegExecution
[==========] Running 1 test from 1 test suite.
[----------] Global test environment set-up.
[----------] 1 test from GraphArbitrageEngineTest
[ RUN      ] GraphArbitrageEngineTest.RevalidatesVisibleDepthAtPendingLegExecution
[       OK ] GraphArbitrageEngineTest.RevalidatesVisibleDepthAtPendingLegExecution (1 ms)
[----------] 1 test from GraphArbitrageEngineTest (1 ms total)

[----------] Global test environment tear-down
[==========] 1 test from 1 test suite ran. (1 ms total)
[  PASSED  ] 1 test.
<end of output>
Test time =   0.00 sec
----------------------------------------------------------
Test Passed.
"GraphArbitrageEngineTest.RevalidatesVisibleDepthAtPendingLegExecution" end time: Apr 28 14:28 MSK
"GraphArbitrageEngineTest.RevalidatesVisibleDepthAtPendingLegExecution" time elapsed: 00:00:00
----------------------------------------------------------

End testing: Apr 28 14:28 MSK
